#
# There is insufficient memory for the Java Runtime Environment to continue.
# Native memory allocation (malloc) failed to allocate 56976 bytes. Error detail: Chunk::new
# Possible reasons:
#   The system is out of physical RAM or swap space
#   This process is running with CompressedOops enabled, and the Java Heap may be blocking the growth of the native heap
# Possible solutions:
#   Reduce memory load on the system
#   Increase physical memory or swap space
#   Check if swap backing store is full
#   Decrease Java heap size (-Xmx/-Xms)
#   Decrease number of Java threads
#   Decrease Java thread stack sizes (-Xss)
#   Set larger code cache with -XX:ReservedCodeCacheSize=
#   JVM is running with Unscaled Compressed Oops mode in which the Java heap is
#     placed in the first 4GB address space. The Java Heap base address is the
#     maximum limit for the native heap growth. Please use -XX:HeapBaseMinAddress
#     to set the Java Heap base and to place the Java Heap above 4GB virtual address.
# This output file may be truncated or incomplete.
#
#  Out of Memory Error (arena.cpp:191), pid=15648, tid=14792
#
# JRE version: OpenJDK Runtime Environment Temurin-17.0.11+9 (17.0.11+9) (build 17.0.11+9)
# Java VM: OpenJDK 64-Bit Server VM Temurin-17.0.11+9 (17.0.11+9, mixed mode, tiered, compressed oops, compressed class ptrs, parallel gc, windows-amd64)
# No core dump will be written. Minidumps are not enabled by default on client versions of Windows
#

---------------  S U M M A R Y ------------

Command Line: --add-modules=ALL-SYSTEM --add-opens=java.base/java.util=ALL-UNNAMED --add-opens=java.base/java.lang=ALL-UNNAMED --add-opens=java.base/sun.nio.fs=ALL-UNNAMED -Declipse.application=org.eclipse.jdt.ls.core.id1 -Dosgi.bundles.defaultStartLevel=4 -Declipse.product=org.eclipse.jdt.ls.core.product -Djava.import.generatesMetadataFilesAtProjectRoot=false -DDetectVMInstallationsJob.disabled=true -Dfile.encoding=utf8 -XX:+UseParallelGC -XX:GCTimeRatio=4 -XX:AdaptiveSizePolicyWeight=90 -Dsun.zip.disableMemoryMapping=true -Xmx1G -Xms100m -Xlog:disable -javaagent:c:\Users\Asus\.vscode\extensions\redhat.java-1.31.0-win32-x64\lombok\lombok-1.18.32.jar c:\Users\Asus\.vscode\extensions\redhat.java-1.31.0-win32-x64\server\plugins\org.eclipse.equinox.launcher_1.6.800.v20240513-1750.jar -configuration c:\Users\Asus\AppData\Roaming\Code\User\globalStorage\redhat.java\1.31.0\config_ss_win -data c:\Users\Asus\AppData\Roaming\Code\User\workspaceStorage\12f63e3850450ff587382efa78f48c12\redhat.java\ss_ws --pipe=\\.\pipe\lsp-182e3c1104e5d70489932899836d6d21-sock

Host: AMD Ryzen 5 3500U with Radeon Vega Mobile Gfx  , 8 cores, 5G,  Windows 11 , 64 bit Build 22621 (10.0.22621.3672)
Time: Wed Jun 12 01:28:39 2024 SE Asia Standard Time elapsed time: 3.007624 seconds (0d 0h 0m 3s)

---------------  T H R E A D  ---------------

Current thread (0x000002102205fe30):  JavaThread "C2 CompilerThread0" daemon [_thread_in_native, id=14792, stack(0x0000002417900000,0x0000002417a00000)]


Current CompileTask:
C2:   3007 1062       4       java.io.DataInputStream::readUTF (501 bytes)

Stack: [0x0000002417900000,0x0000002417a00000]
Native frames: (J=compiled Java code, j=interpreted, Vv=VM code, C=native code)
V  [jvm.dll+0x67d429]
V  [jvm.dll+0x834b7a]
V  [jvm.dll+0x83663e]
V  [jvm.dll+0x836ca3]
V  [jvm.dll+0x247dbf]
V  [jvm.dll+0xac534]
V  [jvm.dll+0xacb7c]
V  [jvm.dll+0x566253]
V  [jvm.dll+0x1bcd32]
V  [jvm.dll+0x21a5c9]
V  [jvm.dll+0x2198b1]
V  [jvm.dll+0x1a534d]
V  [jvm.dll+0x2295cd]
V  [jvm.dll+0x22779c]
V  [jvm.dll+0x7e9d07]
V  [jvm.dll+0x7e410a]
V  [jvm.dll+0x67c315]
C  [ucrtbase.dll+0x29333]
C  [KERNEL32.DLL+0x1257d]
C  [ntdll.dll+0x5aa48]


---------------  P R O C E S S  ---------------

Threads class SMR info:
_java_thread_list=0x000002102235a440, length=12, elements={
0x00000210071625c0, 0x000002101cf34030, 0x000002101cf355a0, 0x000002101cf3dfd0,
0x000002101cf3e9a0, 0x0000021022059ba0, 0x000002102205ad00, 0x000002102205fe30,
0x0000021022060830, 0x0000021022061230, 0x00000210071c7220, 0x0000021022308050
}

Java Threads: ( => current thread )
  0x00000210071625c0 JavaThread "main" [_thread_in_vm, id=2448, stack(0x0000002417000000,0x0000002417100000)]
  0x000002101cf34030 JavaThread "Reference Handler" daemon [_thread_blocked, id=7108, stack(0x0000002417300000,0x0000002417400000)]
  0x000002101cf355a0 JavaThread "Finalizer" daemon [_thread_blocked, id=18860, stack(0x0000002417400000,0x0000002417500000)]
  0x000002101cf3dfd0 JavaThread "Signal Dispatcher" daemon [_thread_blocked, id=8016, stack(0x0000002417500000,0x0000002417600000)]
  0x000002101cf3e9a0 JavaThread "Attach Listener" daemon [_thread_blocked, id=27520, stack(0x0000002417600000,0x0000002417700000)]
  0x0000021022059ba0 JavaThread "Service Thread" daemon [_thread_blocked, id=25408, stack(0x0000002417700000,0x0000002417800000)]
  0x000002102205ad00 JavaThread "Monitor Deflation Thread" daemon [_thread_blocked, id=16200, stack(0x0000002417800000,0x0000002417900000)]
=>0x000002102205fe30 JavaThread "C2 CompilerThread0" daemon [_thread_in_native, id=14792, stack(0x0000002417900000,0x0000002417a00000)]
  0x0000021022060830 JavaThread "C1 CompilerThread0" daemon [_thread_blocked, id=11872, stack(0x0000002417a00000,0x0000002417b00000)]
  0x0000021022061230 JavaThread "Sweeper thread" daemon [_thread_blocked, id=27296, stack(0x0000002417b00000,0x0000002417c00000)]
  0x00000210071c7220 JavaThread "Common-Cleaner" daemon [_thread_blocked, id=2108, stack(0x0000002417c00000,0x0000002417d00000)]
  0x0000021022308050 JavaThread "Notification Thread" daemon [_thread_blocked, id=27100, stack(0x0000002417d00000,0x0000002417e00000)]

Other Threads:
  0x00000210071ecda0 VMThread "VM Thread" [stack: 0x0000002417200000,0x0000002417300000] [id=26056]
  0x0000021022309740 WatcherThread [stack: 0x0000002417e00000,0x0000002417f00000] [id=6988]
  0x0000021007177510 GCTaskThread "GC Thread#0" [stack: 0x0000002417100000,0x0000002417200000] [id=23248]
  0x0000021023663420 GCTaskThread "GC Thread#1" [stack: 0x0000002417f00000,0x0000002418000000] [id=2916]
  0x0000021023666e70 GCTaskThread "GC Thread#2" [stack: 0x0000002418000000,0x0000002418100000] [id=22940]
  0x0000021023667130 GCTaskThread "GC Thread#3" [stack: 0x0000002418100000,0x0000002418200000] [id=10904]
  0x00000210236673f0 GCTaskThread "GC Thread#4" [stack: 0x0000002418200000,0x0000002418300000] [id=19996]
  0x00000210236676b0 GCTaskThread "GC Thread#5" [stack: 0x0000002418300000,0x0000002418400000] [id=27264]
  0x000002102367fb30 GCTaskThread "GC Thread#6" [stack: 0x0000002418400000,0x0000002418500000] [id=21924]

Threads with active compile tasks:
C2 CompilerThread0     3072 1062       4       java.io.DataInputStream::readUTF (501 bytes)

VM state: not at safepoint (normal execution)

VM Mutex/Monitor currently owned by a thread:  ([mutex/lock_event])
[0x000002100715d640] Metaspace_lock - owner thread: 0x00000210071625c0

OutOfMemory and StackOverflow Exception counts:
OutOfMemoryError java_heap_errors=1
LinkageErrors=8

Heap address: 0x00000000c0000000, size: 1024 MB, Compressed Oops mode: 32-bit

CDS archive(s) not mapped
Compressed class space mapped at: 0x0000000100000000-0x0000000140000000, reserved size: 1073741824
Narrow klass base: 0x0000000000000000, Narrow klass shift: 3, Narrow klass range: 0x140000000

GC Precious Log:
 CPUs: 8 total, 8 available
 Memory: 6091M
 Large Page Support: Disabled
 NUMA Support: Disabled
 Compressed Oops: Enabled (32-bit)
 Alignments: Space 512K, Generation 512K, Heap 2M
 Heap Min Capacity: 100M
 Heap Initial Capacity: 100M
 Heap Max Capacity: 1G
 Pre-touch: Disabled
 Parallel Workers: 8

Heap:
 PSYoungGen      total 29696K, used 8166K [0x00000000eab00000, 0x00000000ecc00000, 0x0000000100000000)
  eden space 25600K, 19% used [0x00000000eab00000,0x00000000eafda368,0x00000000ec400000)
  from space 4096K, 78% used [0x00000000ec400000,0x00000000ec71f6e0,0x00000000ec800000)
  to   space 4096K, 0% used [0x00000000ec800000,0x00000000ec800000,0x00000000ecc00000)
 ParOldGen       total 68608K, used 16K [0x00000000c0000000, 0x00000000c4300000, 0x00000000eab00000)
  object space 68608K, 0% used [0x00000000c0000000,0x00000000c0004000,0x00000000c4300000)
 Metaspace       used 11984K, committed 12096K, reserved 1114112K
  class space    used 1183K, committed 1216K, reserved 1048576K

Card table byte_map: [0x000002101a7b0000,0x000002101a9c0000] _byte_map_base: 0x000002101a1b0000

Marking Bits: (ParMarkBitMap*) 0x00007ff9673ed820
 Begin Bits: [0x000002101ab20000, 0x000002101bb20000)
 End Bits:   [0x000002101bb20000, 0x000002101cb20000)

Polling page: 0x0000021007210000

Metaspace:

Usage:
  Non-class:     10.55 MB used.
      Class:      1.16 MB used.
       Both:     11.70 MB used.

Virtual space:
  Non-class space:       64.00 MB reserved,      10.62 MB ( 17%) committed,  1 nodes.
      Class space:        1.00 GB reserved,       1.19 MB ( <1%) committed,  1 nodes.
             Both:        1.06 GB reserved,      11.81 MB (  1%) committed. 

Chunk freelists:
   Non-Class:  4.61 MB
       Class:  14.62 MB
        Both:  19.23 MB

MaxMetaspaceSize: unlimited
CompressedClassSpaceSize: 1.00 GB
Initial GC threshold: 21.00 MB
Current GC threshold: 21.00 MB
CDS: off
MetaspaceReclaimPolicy: balanced
 - commit_granule_bytes: 65536.
 - commit_granule_words: 8192.
 - virtual_space_node_default_size: 8388608.
 - enlarge_chunks_in_place: 1.
 - new_chunks_are_fully_committed: 0.
 - uncommit_free_chunks: 1.
 - use_allocation_guard: 0.
 - handle_deallocations: 1.


Internal statistics:

num_allocs_failed_limit: 0.
num_arena_births: 30.
num_arena_deaths: 0.
num_vsnodes_births: 2.
num_vsnodes_deaths: 0.
num_space_committed: 189.
num_space_uncommitted: 0.
num_chunks_returned_to_freelist: 0.
num_chunks_taken_from_freelist: 129.
num_chunk_merges: 0.
num_chunk_splits: 87.
num_chunks_enlarged: 76.
num_inconsistent_stats: 0.

CodeHeap 'non-profiled nmethods': size=120000Kb used=415Kb max_used=415Kb free=119584Kb
 bounds [0x0000021013090000, 0x0000021013300000, 0x000002101a5c0000]
CodeHeap 'profiled nmethods': size=120000Kb used=1942Kb max_used=1942Kb free=118057Kb
 bounds [0x000002100b5c0000, 0x000002100b830000, 0x0000021012af0000]
CodeHeap 'non-nmethods': size=5760Kb used=1148Kb max_used=1164Kb free=4611Kb
 bounds [0x0000021012af0000, 0x0000021012d60000, 0x0000021013090000]
 total_blobs=1532 nmethods=1091 adapters=356
 compilation: enabled
              stopped_count=0, restarted_count=0
 full_count=0

Compilation events (20 events):
Event: 2.976 Thread 0x0000021022060830 1078       3       java.security.Provider$ServiceKey::matches (22 bytes)
Event: 2.976 Thread 0x0000021022060830 nmethod 1078 0x000002100b79e090 code [0x000002100b79e220, 0x000002100b79e3d8]
Event: 2.976 Thread 0x0000021022060830 1079       3       sun.net.www.protocol.jar.Handler::parseURL (173 bytes)
Event: 2.977 Thread 0x0000021022060830 nmethod 1079 0x000002100b79e490 code [0x000002100b79e740, 0x000002100b79f2d8]
Event: 2.977 Thread 0x0000021022060830 1080       3       sun.net.www.protocol.jar.Handler::indexOfBangSlash (52 bytes)
Event: 2.979 Thread 0x0000021022060830 nmethod 1080 0x000002100b79f810 code [0x000002100b79fa80, 0x000002100b7a0578]
Event: 2.979 Thread 0x0000021022060830 1081       3       org.eclipse.osgi.container.ModuleRevisionBuilder::unmodifiableMap (86 bytes)
Event: 2.980 Thread 0x0000021022060830 nmethod 1081 0x000002100b7a0990 code [0x000002100b7a0c20, 0x000002100b7a1988]
Event: 2.980 Thread 0x0000021022060830 1082       1       org.eclipse.osgi.container.ModuleRevisionBuilder$GenericInfo::getNamespace (5 bytes)
Event: 2.980 Thread 0x0000021022060830 nmethod 1082 0x00000210130f6310 code [0x00000210130f64a0, 0x00000210130f6578]
Event: 2.980 Thread 0x0000021022060830 1083       3       java.util.Collections::emptyMap (4 bytes)
Event: 2.980 Thread 0x0000021022060830 nmethod 1083 0x000002100b7a1d10 code [0x000002100b7a1ea0, 0x000002100b7a1f98]
Event: 2.980 Thread 0x0000021022060830 1084       1       java.util.Collections$EmptyMap::size (2 bytes)
Event: 2.980 Thread 0x0000021022060830 nmethod 1084 0x00000210130f6610 code [0x00000210130f67a0, 0x00000210130f6878]
Event: 2.981 Thread 0x0000021022060830 1085       3       java.util.Base64$Decoder::decodeBlock (186 bytes)
Event: 2.982 Thread 0x0000021022060830 nmethod 1085 0x000002100b7a2010 code [0x000002100b7a21e0, 0x000002100b7a2678]
Event: 2.987 Thread 0x0000021022060830 1087       3       java.net.URL::toString (5 bytes)
Event: 2.988 Thread 0x0000021022060830 nmethod 1087 0x000002100b7a2910 code [0x000002100b7a2ac0, 0x000002100b7a2ce8]
Event: 2.995 Thread 0x0000021022060830 1088       3       sun.net.util.IPAddressUtil::checkHostString (54 bytes)
Event: 2.996 Thread 0x0000021022060830 nmethod 1088 0x000002100b7a2e10 code [0x000002100b7a30c0, 0x000002100b7a3c48]

GC Heap History (2 events):
Event: 2.758 GC heap before
{Heap before GC invocations=1 (full 0):
 PSYoungGen      total 29696K, used 25600K [0x00000000eab00000, 0x00000000ecc00000, 0x0000000100000000)
  eden space 25600K, 100% used [0x00000000eab00000,0x00000000ec400000,0x00000000ec400000)
  from space 4096K, 0% used [0x00000000ec800000,0x00000000ec800000,0x00000000ecc00000)
  to   space 4096K, 0% used [0x00000000ec400000,0x00000000ec400000,0x00000000ec800000)
 ParOldGen       total 68608K, used 0K [0x00000000c0000000, 0x00000000c4300000, 0x00000000eab00000)
  object space 68608K, 0% used [0x00000000c0000000,0x00000000c0000000,0x00000000c4300000)
 Metaspace       used 11015K, committed 11200K, reserved 1114112K
  class space    used 1098K, committed 1216K, reserved 1048576K
}
Event: 2.772 GC heap after
{Heap after GC invocations=1 (full 0):
 PSYoungGen      total 29696K, used 3197K [0x00000000eab00000, 0x00000000ecc00000, 0x0000000100000000)
  eden space 25600K, 0% used [0x00000000eab00000,0x00000000eab00000,0x00000000ec400000)
  from space 4096K, 78% used [0x00000000ec400000,0x00000000ec71f6e0,0x00000000ec800000)
  to   space 4096K, 0% used [0x00000000ec800000,0x00000000ec800000,0x00000000ecc00000)
 ParOldGen       total 68608K, used 16K [0x00000000c0000000, 0x00000000c4300000, 0x00000000eab00000)
  object space 68608K, 0% used [0x00000000c0000000,0x00000000c0004000,0x00000000c4300000)
 Metaspace       used 11015K, committed 11200K, reserved 1114112K
  class space    used 1098K, committed 1216K, reserved 1048576K
}

Dll operation events (8 events):
Event: 0.123 Loaded shared library c:\Users\Asus\.vscode\extensions\redhat.java-1.31.0-win32-x64\jre\17.0.11-win32-x86_64\bin\java.dll
Event: 0.769 Loaded shared library c:\Users\Asus\.vscode\extensions\redhat.java-1.31.0-win32-x64\jre\17.0.11-win32-x86_64\bin\zip.dll
Event: 0.779 Loaded shared library C:\Users\Asus\.vscode\extensions\redhat.java-1.31.0-win32-x64\jre\17.0.11-win32-x86_64\bin\instrument.dll
Event: 0.842 Loaded shared library C:\Users\Asus\.vscode\extensions\redhat.java-1.31.0-win32-x64\jre\17.0.11-win32-x86_64\bin\net.dll
Event: 0.847 Loaded shared library C:\Users\Asus\.vscode\extensions\redhat.java-1.31.0-win32-x64\jre\17.0.11-win32-x86_64\bin\nio.dll
Event: 0.891 Loaded shared library C:\Users\Asus\.vscode\extensions\redhat.java-1.31.0-win32-x64\jre\17.0.11-win32-x86_64\bin\zip.dll
Event: 0.939 Loaded shared library C:\Users\Asus\.vscode\extensions\redhat.java-1.31.0-win32-x64\jre\17.0.11-win32-x86_64\bin\jimage.dll
Event: 1.116 Loaded shared library c:\Users\Asus\.vscode\extensions\redhat.java-1.31.0-win32-x64\jre\17.0.11-win32-x86_64\bin\verify.dll

Deoptimization events (20 events):
Event: 2.629 Thread 0x00000210071625c0 Uncommon trap: trap_request=0xffffffde fr.pc=0x00000210130cd470 relative=0x0000000000000510
Event: 2.629 Thread 0x00000210071625c0 Uncommon trap: reason=class_check action=maybe_recompile pc=0x00000210130cd470 method=java.util.Collections$UnmodifiableCollection$1.<init>(Ljava/util/Collections$UnmodifiableCollection;)V @ 17 c2
Event: 2.629 Thread 0x00000210071625c0 DEOPT PACKING pc=0x00000210130cd470 sp=0x00000024170fe250
Event: 2.629 Thread 0x00000210071625c0 DEOPT UNPACKING pc=0x0000021012b466a3 sp=0x00000024170fe198 mode 2
Event: 2.629 Thread 0x00000210071625c0 Uncommon trap: trap_request=0xffffff45 fr.pc=0x00000210130d8394 relative=0x0000000000000094
Event: 2.629 Thread 0x00000210071625c0 Uncommon trap: reason=unstable_if action=reinterpret pc=0x00000210130d8394 method=java.util.HashMap.hash(Ljava/lang/Object;)I @ 1 c2
Event: 2.629 Thread 0x00000210071625c0 DEOPT PACKING pc=0x00000210130d8394 sp=0x00000024170fe100
Event: 2.629 Thread 0x00000210071625c0 DEOPT UNPACKING pc=0x0000021012b466a3 sp=0x00000024170fe098 mode 2
Event: 2.988 Thread 0x00000210071625c0 Uncommon trap: trap_request=0xffffff45 fr.pc=0x00000210130c820c relative=0x0000000000000e6c
Event: 2.988 Thread 0x00000210071625c0 Uncommon trap: reason=unstable_if action=reinterpret pc=0x00000210130c820c method=lombok.patcher.PatchScript.classMatches(Ljava/lang/String;Ljava/util/Collection;)Z @ 25 c2
Event: 2.988 Thread 0x00000210071625c0 DEOPT PACKING pc=0x00000210130c820c sp=0x00000024170f8400
Event: 2.988 Thread 0x00000210071625c0 DEOPT UNPACKING pc=0x0000021012b466a3 sp=0x00000024170f83c0 mode 2
Event: 2.988 Thread 0x00000210071625c0 Uncommon trap: trap_request=0xffffff45 fr.pc=0x00000210130c0f94 relative=0x0000000000000074
Event: 2.988 Thread 0x00000210071625c0 Uncommon trap: reason=unstable_if action=reinterpret pc=0x00000210130c0f94 method=lombok.patcher.scripts.MethodLevelPatchScript.patch(Ljava/lang/String;[BLlombok/patcher/TransplantMapper;)[B @ 8 c2
Event: 2.988 Thread 0x00000210071625c0 DEOPT PACKING pc=0x00000210130c0f94 sp=0x00000024170f8470
Event: 2.988 Thread 0x00000210071625c0 DEOPT UNPACKING pc=0x0000021012b466a3 sp=0x00000024170f8400 mode 2
Event: 2.989 Thread 0x00000210071625c0 Uncommon trap: trap_request=0xffffff45 fr.pc=0x00000210130de468 relative=0x0000000000000448
Event: 2.989 Thread 0x00000210071625c0 Uncommon trap: reason=unstable_if action=reinterpret pc=0x00000210130de468 method=java.lang.String.<init>([BIILjava/nio/charset/Charset;)V @ 47 c2
Event: 2.989 Thread 0x00000210071625c0 DEOPT PACKING pc=0x00000210130de468 sp=0x00000024170f77f0
Event: 2.989 Thread 0x00000210071625c0 DEOPT UNPACKING pc=0x0000021012b466a3 sp=0x00000024170f77a8 mode 2

Classes unloaded (0 events):
No events

Classes redefined (0 events):
No events

Internal exceptions (20 events):
Event: 2.021 Thread 0x00000210071625c0 Exception <a 'java/io/FileNotFoundException'{0x00000000eb87dcb8}> (0x00000000eb87dcb8) 
thrown [s\src\hotspot\share\prims\jni.cpp, line 516]
Event: 2.021 Thread 0x00000210071625c0 Exception <a 'java/io/FileNotFoundException'{0x00000000eb87e978}> (0x00000000eb87e978) 
thrown [s\src\hotspot\share\prims\jni.cpp, line 516]
Event: 2.034 Thread 0x00000210071625c0 Implicit null exception at 0x00000210130c4872 to 0x00000210130c4d90
Event: 2.035 Thread 0x00000210071625c0 Implicit null exception at 0x00000210130c5df2 to 0x00000210130c6320
Event: 2.039 Thread 0x00000210071625c0 Exception <a 'java/io/FileNotFoundException'{0x00000000eb8b7780}> (0x00000000eb8b7780) 
thrown [s\src\hotspot\share\prims\jni.cpp, line 516]
Event: 2.515 Thread 0x00000210071625c0 Exception <a 'java/lang/ClassNotFoundException'{0x00000000ec0c0240}: sun/net/www/protocol/c/Handler> (0x00000000ec0c0240) 
thrown [s\src\hotspot\share\classfile\systemDictionary.cpp, line 256]
Event: 2.517 Thread 0x00000210071625c0 Exception <a 'java/lang/ClassNotFoundException'{0x00000000ec0c1600}: sun/net/www/protocol/c/Handler> (0x00000000ec0c1600) 
thrown [s\src\hotspot\share\classfile\systemDictionary.cpp, line 256]
Event: 2.519 Thread 0x00000210071625c0 Exception <a 'java/lang/ClassNotFoundException'{0x00000000ec0c2840}: sun/net/www/protocol/c/Handler> (0x00000000ec0c2840) 
thrown [s\src\hotspot\share\classfile\systemDictionary.cpp, line 256]
Event: 2.537 Thread 0x00000210071625c0 Exception <a 'java/io/FileNotFoundException'{0x00000000ec0e5d90}> (0x00000000ec0e5d90) 
thrown [s\src\hotspot\share\prims\jni.cpp, line 516]
Event: 2.629 Thread 0x00000210071625c0 Implicit null exception at 0x00000210130e76fb to 0x00000210130e807c
Event: 2.629 Thread 0x00000210071625c0 Implicit null exception at 0x00000210130daeec to 0x00000210130db0c8
Event: 2.629 Thread 0x00000210071625c0 Implicit null exception at 0x00000210130dc8ec to 0x00000210130dcad0
Event: 2.629 Thread 0x00000210071625c0 Implicit null exception at 0x00000210130d830f to 0x00000210130d8385
Event: 2.730 Thread 0x00000210071625c0 Exception <a 'java/lang/NoSuchMethodError'{0x00000000ec3bde18}: 'int java.lang.invoke.DirectMethodHandle$Holder.invokeStaticInit(java.lang.Object, java.lang.Object, java.lang.Object, java.lang.Object)'> (0x00000000ec3bde18) 
thrown [s\src\hotspot\share\interpreter\linkResolver.cpp, line 759]
Event: 2.739 Thread 0x00000210071625c0 Exception <a 'java/lang/NoSuchMethodError'{0x00000000ec3c8488}: 'java.lang.Object java.lang.invoke.DirectMethodHandle$Holder.invokeInterface(java.lang.Object, java.lang.Object)'> (0x00000000ec3c8488) 
thrown [s\src\hotspot\share\interpreter\linkResolver.cpp, line 759]
Event: 2.739 Thread 0x00000210071625c0 Exception <a 'java/lang/IncompatibleClassChangeError'{0x00000000ec3cbc80}: Found class java.lang.Object, but interface was expected> (0x00000000ec3cbc80) 
thrown [s\src\hotspot\share\interpreter\linkResolver.cpp, line 826]
Event: 2.741 Thread 0x00000210071625c0 Exception <a 'java/lang/NoSuchMethodError'{0x00000000ec3d0170}: 'void java.lang.invoke.DirectMethodHandle$Holder.invokeStatic(java.lang.Object, java.lang.Object)'> (0x00000000ec3d0170) 
thrown [s\src\hotspot\share\interpreter\linkResolver.cpp, line 759]
Event: 2.742 Thread 0x00000210071625c0 Exception <a 'java/lang/NoSuchMethodError'{0x00000000ec3d3970}: 'void java.lang.invoke.DirectMethodHandle$Holder.invokeStaticInit(java.lang.Object, java.lang.Object)'> (0x00000000ec3d3970) 
thrown [s\src\hotspot\share\interpreter\linkResolver.cpp, line 759]
Event: 2.744 Thread 0x00000210071625c0 Exception <a 'java/lang/NoSuchMethodError'{0x00000000ec3dada0}: 'int java.lang.invoke.DirectMethodHandle$Holder.invokeStaticInit(java.lang.Object, java.lang.Object)'> (0x00000000ec3dada0) 
thrown [s\src\hotspot\share\interpreter\linkResolver.cpp, line 759]
Event: 2.880 Thread 0x00000210071625c0 Exception <a 'java/lang/NoSuchMethodError'{0x00000000eac450a0}: 'void java.lang.invoke.DirectMethodHandle$Holder.invokeSpecial(java.lang.Object, java.lang.Object, java.lang.Object)'> (0x00000000eac450a0) 
thrown [s\src\hotspot\share\interpreter\linkResolver.cpp, line 759]

VM Operations (12 events):
Event: 0.706 Executing VM operation: HandshakeAllThreads
Event: 0.707 Executing VM operation: HandshakeAllThreads done
Event: 0.992 Executing VM operation: HandshakeAllThreads
Event: 0.992 Executing VM operation: HandshakeAllThreads done
Event: 1.884 Executing VM operation: HandshakeAllThreads
Event: 1.884 Executing VM operation: HandshakeAllThreads done
Event: 1.884 Executing VM operation: Cleanup
Event: 1.890 Executing VM operation: Cleanup done
Event: 1.919 Executing VM operation: HandshakeAllThreads
Event: 1.919 Executing VM operation: HandshakeAllThreads done
Event: 2.758 Executing VM operation: ParallelGCFailedAllocation
Event: 2.772 Executing VM operation: ParallelGCFailedAllocation done

Events (20 events):
Event: 2.918 loading class java/util/AbstractQueue done
Event: 2.918 loading class java/util/concurrent/SynchronousQueue done
Event: 2.918 loading class java/util/concurrent/SynchronousQueue$TransferStack
Event: 2.918 loading class java/util/concurrent/SynchronousQueue$Transferer
Event: 2.919 loading class java/util/concurrent/SynchronousQueue$Transferer done
Event: 2.919 loading class java/util/concurrent/SynchronousQueue$TransferStack done
Event: 2.919 loading class java/util/concurrent/SynchronousQueue$TransferStack$SNode
Event: 2.919 loading class java/util/concurrent/ForkJoinPool$ManagedBlocker
Event: 2.919 loading class java/util/concurrent/ForkJoinPool$ManagedBlocker done
Event: 2.919 loading class java/util/concurrent/SynchronousQueue$TransferStack$SNode done
Event: 2.920 loading class java/util/concurrent/RejectedExecutionHandler
Event: 2.921 loading class java/util/concurrent/RejectedExecutionHandler done
Event: 2.921 loading class java/util/concurrent/LinkedBlockingQueue
Event: 2.922 loading class java/util/concurrent/LinkedBlockingQueue done
Event: 2.922 loading class java/util/concurrent/LinkedBlockingQueue$Node
Event: 2.922 loading class java/util/concurrent/LinkedBlockingQueue$Node done
Event: 2.939 loading class java/util/concurrent/Semaphore$NonfairSync
Event: 2.939 loading class java/util/concurrent/Semaphore$Sync
Event: 2.939 loading class java/util/concurrent/Semaphore$Sync done
Event: 2.939 loading class java/util/concurrent/Semaphore$NonfairSync done


Dynamic libraries:
0x00007ff699ce0000 - 0x00007ff699cee000 	c:\Users\Asus\.vscode\extensions\redhat.java-1.31.0-win32-x64\jre\17.0.11-win32-x86_64\bin\java.exe
0x00007ff9d4070000 - 0x00007ff9d4287000 	C:\WINDOWS\SYSTEM32\ntdll.dll
0x00007ff9d3bd0000 - 0x00007ff9d3c94000 	C:\WINDOWS\System32\KERNEL32.DLL
0x00007ff9d1a00000 - 0x00007ff9d1dac000 	C:\WINDOWS\System32\KERNELBASE.dll
0x00007ff9d1720000 - 0x00007ff9d1831000 	C:\WINDOWS\System32\ucrtbase.dll
0x00007ff9c2110000 - 0x00007ff9c2127000 	c:\Users\Asus\.vscode\extensions\redhat.java-1.31.0-win32-x64\jre\17.0.11-win32-x86_64\bin\jli.dll
0x00007ff9bf7b0000 - 0x00007ff9bf7cb000 	c:\Users\Asus\.vscode\extensions\redhat.java-1.31.0-win32-x64\jre\17.0.11-win32-x86_64\bin\VCRUNTIME140.dll
0x00007ff9d31a0000 - 0x00007ff9d334e000 	C:\WINDOWS\System32\USER32.dll
0x00007ff9d16f0000 - 0x00007ff9d1716000 	C:\WINDOWS\System32\win32u.dll
0x00007ff9d3990000 - 0x00007ff9d39b9000 	C:\WINDOWS\System32\GDI32.dll
0x00007ff9bf890000 - 0x00007ff9bfb23000 	C:\WINDOWS\WinSxS\amd64_microsoft.windows.common-controls_6595b64144ccf1df_6.0.22621.3672_none_2713b9d173822955\COMCTL32.dll
0x00007ff9d1840000 - 0x00007ff9d1959000 	C:\WINDOWS\System32\gdi32full.dll
0x00007ff9d2bb0000 - 0x00007ff9d2c57000 	C:\WINDOWS\System32\msvcrt.dll
0x00007ff9d1960000 - 0x00007ff9d19fa000 	C:\WINDOWS\System32\msvcp_win.dll
0x00007ff9d3830000 - 0x00007ff9d3861000 	C:\WINDOWS\System32\IMM32.DLL
0x00007ff9ca970000 - 0x00007ff9ca97c000 	c:\Users\Asus\.vscode\extensions\redhat.java-1.31.0-win32-x64\jre\17.0.11-win32-x86_64\bin\vcruntime140_1.dll
0x00007ff9b6e50000 - 0x00007ff9b6edd000 	c:\Users\Asus\.vscode\extensions\redhat.java-1.31.0-win32-x64\jre\17.0.11-win32-x86_64\bin\msvcp140.dll
0x00007ff966850000 - 0x00007ff9674b2000 	c:\Users\Asus\.vscode\extensions\redhat.java-1.31.0-win32-x64\jre\17.0.11-win32-x86_64\bin\server\jvm.dll
0x00007ff9d1de0000 - 0x00007ff9d1e92000 	C:\WINDOWS\System32\ADVAPI32.dll
0x00007ff9d30f0000 - 0x00007ff9d3198000 	C:\WINDOWS\System32\sechost.dll
0x00007ff9d13a0000 - 0x00007ff9d13c8000 	C:\WINDOWS\System32\bcrypt.dll
0x00007ff9d3870000 - 0x00007ff9d3985000 	C:\WINDOWS\System32\RPCRT4.dll
0x00007ff9d1260000 - 0x00007ff9d12ad000 	C:\WINDOWS\SYSTEM32\POWRPROF.dll
0x00007ff9ca7f0000 - 0x00007ff9ca824000 	C:\WINDOWS\SYSTEM32\WINMM.dll
0x00007ff9c8610000 - 0x00007ff9c861a000 	C:\WINDOWS\SYSTEM32\VERSION.dll
0x00007ff9cb660000 - 0x00007ff9cb669000 	C:\WINDOWS\SYSTEM32\WSOCK32.dll
0x00007ff9d3a70000 - 0x00007ff9d3ae1000 	C:\WINDOWS\System32\WS2_32.dll
0x00007ff9d1240000 - 0x00007ff9d1253000 	C:\WINDOWS\SYSTEM32\UMPDC.dll
0x00007ff9d03d0000 - 0x00007ff9d03e8000 	C:\WINDOWS\SYSTEM32\kernel.appcore.dll
0x00007ff9ca830000 - 0x00007ff9ca83a000 	c:\Users\Asus\.vscode\extensions\redhat.java-1.31.0-win32-x64\jre\17.0.11-win32-x86_64\bin\jimage.dll
0x00007ff9ceba0000 - 0x00007ff9cedd2000 	C:\WINDOWS\SYSTEM32\DBGHELP.DLL
0x00007ff9d3ca0000 - 0x00007ff9d4028000 	C:\WINDOWS\System32\combase.dll
0x00007ff9d3af0000 - 0x00007ff9d3bc7000 	C:\WINDOWS\System32\OLEAUT32.dll
0x00007ff9be630000 - 0x00007ff9be662000 	C:\WINDOWS\SYSTEM32\dbgcore.DLL
0x00007ff9d1670000 - 0x00007ff9d16eb000 	C:\WINDOWS\System32\bcryptPrimitives.dll
0x00007ff9c20c0000 - 0x00007ff9c20ce000 	c:\Users\Asus\.vscode\extensions\redhat.java-1.31.0-win32-x64\jre\17.0.11-win32-x86_64\bin\instrument.dll
0x00007ff9bbb00000 - 0x00007ff9bbb25000 	c:\Users\Asus\.vscode\extensions\redhat.java-1.31.0-win32-x64\jre\17.0.11-win32-x86_64\bin\java.dll
0x00007ff9be1b0000 - 0x00007ff9be1c8000 	c:\Users\Asus\.vscode\extensions\redhat.java-1.31.0-win32-x64\jre\17.0.11-win32-x86_64\bin\zip.dll
0x00007ff9d1ea0000 - 0x00007ff9d26fc000 	C:\WINDOWS\System32\SHELL32.dll
0x00007ff9cf2f0000 - 0x00007ff9cfbe7000 	C:\WINDOWS\SYSTEM32\windows.storage.dll
0x00007ff9cf1b0000 - 0x00007ff9cf2ef000 	C:\WINDOWS\SYSTEM32\wintypes.dll
0x00007ff9d2ff0000 - 0x00007ff9d30e4000 	C:\WINDOWS\System32\SHCORE.dll
0x00007ff9d39c0000 - 0x00007ff9d3a1e000 	C:\WINDOWS\System32\shlwapi.dll
0x00007ff9d12d0000 - 0x00007ff9d12f1000 	C:\WINDOWS\SYSTEM32\profapi.dll
0x00007ff9bdc00000 - 0x00007ff9bdc19000 	C:\Users\Asus\.vscode\extensions\redhat.java-1.31.0-win32-x64\jre\17.0.11-win32-x86_64\bin\net.dll
0x00007ff9cb0b0000 - 0x00007ff9cb1e6000 	C:\WINDOWS\SYSTEM32\WINHTTP.dll
0x00007ff9d0840000 - 0x00007ff9d08a9000 	C:\WINDOWS\system32\mswsock.dll
0x00007ff9bd850000 - 0x00007ff9bd866000 	C:\Users\Asus\.vscode\extensions\redhat.java-1.31.0-win32-x64\jre\17.0.11-win32-x86_64\bin\nio.dll
0x00007ff9bf7a0000 - 0x00007ff9bf7b0000 	c:\Users\Asus\.vscode\extensions\redhat.java-1.31.0-win32-x64\jre\17.0.11-win32-x86_64\bin\verify.dll

dbghelp: loaded successfully - version: 4.0.5 - missing functions: none
symbol engine: initialized successfully - sym options: 0x614 - pdb path: .;c:\Users\Asus\.vscode\extensions\redhat.java-1.31.0-win32-x64\jre\17.0.11-win32-x86_64\bin;C:\WINDOWS\SYSTEM32;C:\WINDOWS\WinSxS\amd64_microsoft.windows.common-controls_6595b64144ccf1df_6.0.22621.3672_none_2713b9d173822955;c:\Users\Asus\.vscode\extensions\redhat.java-1.31.0-win32-x64\jre\17.0.11-win32-x86_64\bin\server

VM Arguments:
jvm_args: --add-modules=ALL-SYSTEM --add-opens=java.base/java.util=ALL-UNNAMED --add-opens=java.base/java.lang=ALL-UNNAMED --add-opens=java.base/sun.nio.fs=ALL-UNNAMED -Declipse.application=org.eclipse.jdt.ls.core.id1 -Dosgi.bundles.defaultStartLevel=4 -Declipse.product=org.eclipse.jdt.ls.core.product -Djava.import.generatesMetadataFilesAtProjectRoot=false -DDetectVMInstallationsJob.disabled=true -Dfile.encoding=utf8 -XX:+UseParallelGC -XX:GCTimeRatio=4 -XX:AdaptiveSizePolicyWeight=90 -Dsun.zip.disableMemoryMapping=true -Xmx1G -Xms100m -Xlog:disable -javaagent:c:\Users\Asus\.vscode\extensions\redhat.java-1.31.0-win32-x64\lombok\lombok-1.18.32.jar 
java_command: c:\Users\Asus\.vscode\extensions\redhat.java-1.31.0-win32-x64\server\plugins\org.eclipse.equinox.launcher_1.6.800.v20240513-1750.jar -configuration c:\Users\Asus\AppData\Roaming\Code\User\globalStorage\redhat.java\1.31.0\config_ss_win -data c:\Users\Asus\AppData\Roaming\Code\User\workspaceStorage\12f63e3850450ff587382efa78f48c12\redhat.java\ss_ws --pipe=\\.\pipe\lsp-182e3c1104e5d70489932899836d6d21-sock
java_class_path (initial): c:\Users\Asus\.vscode\extensions\redhat.java-1.31.0-win32-x64\server\plugins\org.eclipse.equinox.launcher_1.6.800.v20240513-1750.jar
Launcher Type: SUN_STANDARD

[Global flags]
    uintx AdaptiveSizePolicyWeight                 = 90                                        {product} {command line}
     intx CICompilerCount                          = 4                                         {product} {ergonomic}
    uintx GCTimeRatio                              = 4                                         {product} {command line}
   size_t InitialHeapSize                          = 104857600                                 {product} {command line}
   size_t MaxHeapSize                              = 1073741824                                {product} {command line}
   size_t MaxNewSize                               = 357564416                                 {product} {ergonomic}
   size_t MinHeapDeltaBytes                        = 524288                                    {product} {ergonomic}
   size_t MinHeapSize                              = 104857600                                 {product} {command line}
   size_t NewSize                                  = 34603008                                  {product} {ergonomic}
    uintx NonNMethodCodeHeapSize                   = 5839372                                {pd product} {ergonomic}
    uintx NonProfiledCodeHeapSize                  = 122909434                              {pd product} {ergonomic}
   size_t OldSize                                  = 70254592                                  {product} {ergonomic}
    uintx ProfiledCodeHeapSize                     = 122909434                              {pd product} {ergonomic}
    uintx ReservedCodeCacheSize                    = 251658240                              {pd product} {ergonomic}
     bool SegmentedCodeCache                       = true                                      {product} {ergonomic}
   size_t SoftMaxHeapSize                          = 1073741824                             {manageable} {ergonomic}
     bool UseCompressedClassPointers               = true                           {product lp64_product} {ergonomic}
     bool UseCompressedOops                        = true                           {product lp64_product} {ergonomic}
     bool UseLargePagesIndividualAllocation        = false                                  {pd product} {ergonomic}
     bool UseParallelGC                            = true                                      {product} {command line}

Logging:
Log output configuration:
 #0: stdout all=off uptime,level,tags
 #1: stderr all=off uptime,level,tags

Environment Variables:
JAVA_HOME=C:\Program Files\Java\jdk-17
PATH=C:\Users\Asus\AppData\Local\cloud-code\installer\google-cloud-sdk\bin;c:\Users\Asus\AppData\Local\Programs\cursor\resources\app\bin;C:\Program Files (x86)\VMware\VMware Player\bin\;C:\Program Files\Common Files\Oracle\Java\javapath;C:\WINDOWS\system32;C:\WINDOWS;C:\WINDOWS\System32\Wbem;C:\WINDOWS\System32\WindowsPowerShell\v1.0\;C:\WINDOWS\System32\OpenSSH\;C:\Program Files\nodejs\;C:\ProgramData\ComposerSetup\bin;C:\Program Files\Go\bin;C:\Program Files\Java\jdk-11\bin;C:\xampp\php;C:\xampp;D:\src\flutter\bin;C:\Program Files\PuTTY\;C:\Program Files\Git\cmd;C:\Program Files\Docker\Docker\resources\bin;C:\Python-3.9.18;C:\Program Files\Bazel\bazelisk-master;C:\Program Files\GNS3\qemu-3.1.0;C:\Users\Asus\AppData\Local\Programs\Python\Python311\Scripts\;C:\Users\Asus\AppData\Local\Programs\Python\Python311\;C:\Users\Asus\AppData\Local\Microsoft\WindowsApps;C:\Users\Asus\AppData\Roaming\npm;C:\Program Files (x86)\Nmap;C:\Users\Asus\AppData\Roaming\Composer\vendor\bin;C:\Users\Asus\go\bin;C:\Program Files\JetBrains\IntelliJ IDEA 2023.3.2\bin;C:\Program Files\JetBrains\PhpStorm 20;C:\Users\Asus\AppData\Local\Pub\Cache\bin;C:\Program Files\gradle-8.8\bin;C:\Program Files\Java\jdk-17\bin;C:\Users\Asus\anaconda3;C:\Users\Asus\anaconda3\Library\mingw-w64\bin;C:\Users\Asus\anaconda3\Library\usr\bin;C:\Users\Asus\anaconda3\Library\bin;C:\Users\Asus\anaconda3\Scripts;c:\Users\Asus\AppData\Local\Programs\cursor\resources\app\bin;C:\Program Files (x86)\VMware\VMware Player\bin\;C:\Program Files\Common Files\Oracle\Java\javapath;C:\WINDOWS\system32;C:\WINDOWS;C:\WINDOWS\System32\Wbem;C:\WINDOWS\System32\WindowsPowerShell\v1.0\;C:\WINDOWS\System32\OpenSSH\;C:\Program Files\nodejs\;C:\ProgramData\ComposerSetup\bin;C:\Program Files\Go\bin;C:\Program Files\Java\jdk-11\bin;C:\xampp\php;C:\xampp;D:\src\flutter\bin;C:\Program Files\PuTTY\;C:\Program Files\Git\cmd;C:\Program Files\Docker\Docker\resources\bin;C:\Python-3.9.18;C:\Program Files\Bazel\bazelisk-master;C:\Program Files\GNS3\
USERNAME=Asus
OS=Windows_NT
PROCESSOR_IDENTIFIER=AMD64 Family 23 Model 24 Stepping 1, AuthenticAMD
TMP=C:\Users\Asus\AppData\Local\Temp
TEMP=C:\Users\Asus\AppData\Local\Temp



Periodic native trim disabled


---------------  S Y S T E M  ---------------

OS:
 Windows 11 , 64 bit Build 22621 (10.0.22621.3672)
OS uptime: 7 days 5:52 hours

CPU: total 8 (initial active 8) (8 cores per cpu, 2 threads per core) family 23 model 24 stepping 1 microcode 0x0, cx8, cmov, fxsr, ht, mmx, 3dnowpref, sse, sse2, sse3, ssse3, sse4a, sse4.1, sse4.2, popcnt, lzcnt, tsc, tscinvbit, avx, avx2, aes, clmul, bmi1, bmi2, adx, sha, fma, vzeroupper, clflush, clflushopt
Processor Information for all 8 processors :
  Max Mhz: 2100, Current Mhz: 2100, Mhz Limit: 2100

Memory: 4k page, system-wide physical 6091M (37M free)
TotalPageFile size 24523M (AvailPageFile size 4M)
current process WorkingSet (physical memory assigned to process): 76M, peak: 76M
current process commit charge ("private bytes"): 199M, peak: 199M

vm_info: OpenJDK 64-Bit Server VM (17.0.11+9) for windows-amd64 JRE (17.0.11+9), built on Apr 17 2024 06:07:48 by "admin" with MS VC++ 16.10 / 16.11 (VS2019)

END.
