#
# There is insufficient memory for the Java Runtime Environment to continue.
# Native memory allocation (mmap) failed to map 65536 bytes. Error detail: Failed to commit metaspace.
# Possible reasons:
#   The system is out of physical RAM or swap space
#   This process is running with CompressedOops enabled, and the Java Heap may be blocking the growth of the native heap
# Possible solutions:
#   Reduce memory load on the system
#   Increase physical memory or swap space
#   Check if swap backing store is full
#   Decrease Java heap size (-Xmx/-Xms)
#   Decrease number of Java threads
#   Decrease Java thread stack sizes (-Xss)
#   Set larger code cache with -XX:ReservedCodeCacheSize=
#   JVM is running with Unscaled Compressed Oops mode in which the Java heap is
#     placed in the first 4GB address space. The Java Heap base address is the
#     maximum limit for the native heap growth. Please use -XX:HeapBaseMinAddress
#     to set the Java Heap base and to place the Java Heap above 4GB virtual address.
# This output file may be truncated or incomplete.
#
#  Out of Memory Error (virtualSpaceNode.cpp:110), pid=13756, tid=156
#
# JRE version: OpenJDK Runtime Environment Temurin-17.0.11+9 (17.0.11+9) (build 17.0.11+9)
# Java VM: OpenJDK 64-Bit Server VM Temurin-17.0.11+9 (17.0.11+9, mixed mode, tiered, compressed oops, compressed class ptrs, parallel gc, windows-amd64)
# No core dump will be written. Minidumps are not enabled by default on client versions of Windows
#

---------------  S U M M A R Y ------------

Command Line: --add-modules=ALL-SYSTEM --add-opens=java.base/java.util=ALL-UNNAMED --add-opens=java.base/java.lang=ALL-UNNAMED --add-opens=java.base/sun.nio.fs=ALL-UNNAMED -Declipse.application=org.eclipse.jdt.ls.core.id1 -Dosgi.bundles.defaultStartLevel=4 -Declipse.product=org.eclipse.jdt.ls.core.product -Djava.import.generatesMetadataFilesAtProjectRoot=false -DDetectVMInstallationsJob.disabled=true -Dfile.encoding=utf8 -XX:+UseParallelGC -XX:GCTimeRatio=4 -XX:AdaptiveSizePolicyWeight=90 -Dsun.zip.disableMemoryMapping=true -Xmx1G -Xms100m -Xlog:disable -javaagent:c:\Users\Asus\.vscode\extensions\redhat.java-1.31.0-win32-x64\lombok\lombok-1.18.32.jar -XX:+HeapDumpOnOutOfMemoryError -XX:HeapDumpPath=c:\Users\Asus\AppData\Roaming\Code\User\workspaceStorage\12f63e3850450ff587382efa78f48c12\redhat.java -Daether.dependencyCollector.impl=bf c:\Users\Asus\.vscode\extensions\redhat.java-1.31.0-win32-x64\server\plugins\org.eclipse.equinox.launcher_1.6.800.v20240513-1750.jar -configuration c:\Users\Asus\AppData\Roaming\Code\User\globalStorage\redhat.java\1.31.0\config_win -data c:\Users\Asus\AppData\Roaming\Code\User\workspaceStorage\12f63e3850450ff587382efa78f48c12\redhat.java\jdt_ws --pipe=\\.\pipe\lsp-6d41e78837fdcfed6d65c70a5143877d-sock

Host: AMD Ryzen 5 3500U with Radeon Vega Mobile Gfx  , 8 cores, 5G,  Windows 11 , 64 bit Build 22621 (10.0.22621.3672)
Time: Wed Jun 12 01:28:39 2024 SE Asia Standard Time elapsed time: 3.151426 seconds (0d 0h 0m 3s)

---------------  T H R E A D  ---------------

Current thread (0x0000024494ff32c0):  JavaThread "main" [_thread_in_vm, id=156, stack(0x000000b1e4000000,0x000000b1e4100000)]

Stack: [0x000000b1e4000000,0x000000b1e4100000]
Native frames: (J=compiled Java code, j=interpreted, Vv=VM code, C=native code)
V  [jvm.dll+0x67d429]
V  [jvm.dll+0x834b7a]
V  [jvm.dll+0x83663e]
V  [jvm.dll+0x836ca3]
V  [jvm.dll+0x247dbf]
V  [jvm.dll+0x83083b]
V  [jvm.dll+0x621d56]
V  [jvm.dll+0x1c1b3e]
V  [jvm.dll+0x6246b1]
V  [jvm.dll+0x6226f6]
V  [jvm.dll+0x23c27f]
V  [jvm.dll+0x62c585]
V  [jvm.dll+0x1ebb1b]
V  [jvm.dll+0x1ec055]
V  [jvm.dll+0x1ecb10]
V  [jvm.dll+0x1e1f11]
V  [jvm.dll+0x54250e]
V  [jvm.dll+0x7aecb8]
V  [jvm.dll+0x7aeda4]
V  [jvm.dll+0x4106a5]
V  [jvm.dll+0x416819]
C  [java.dll+0x17ec]

Java frames: (J=compiled Java code, j=interpreted, Vv=VM code)
J 1090  java.lang.ClassLoader.defineClass1(Ljava/lang/ClassLoader;Ljava/lang/String;[BIILjava/security/ProtectionDomain;Ljava/lang/String;)Ljava/lang/Class; java.base@17.0.11 (0 bytes) @ 0x000002449f7b275b [0x000002449f7b26a0+0x00000000000000bb]
J 1095 c1 java.lang.ClassLoader.defineClass(Ljava/lang/String;[BIILjava/security/ProtectionDomain;)Ljava/lang/Class; java.base@17.0.11 (43 bytes) @ 0x0000024497e60f44 [0x0000024497e60c00+0x0000000000000344]
j  java.lang.ClassLoader.defineClass(Ljava/lang/String;[BII)Ljava/lang/Class;+7 java.base@17.0.11
j  lombok.launch.ShadowClassLoader.urlToDefineClass(Ljava/lang/String;Ljava/net/URL;Z)Ljava/lang/Class;+155
j  lombok.launch.ShadowClassLoader.loadClass(Ljava/lang/String;Z)Ljava/lang/Class;+238
J 788 c1 java.lang.ClassLoader.loadClass(Ljava/lang/String;)Ljava/lang/Class; java.base@17.0.11 (7 bytes) @ 0x0000024497dc863c [0x0000024497dc8540+0x00000000000000fc]
v  ~StubRoutines::call_stub
j  lombok.patcher.PatchScript.runASM([BZLlombok/patcher/TransplantMapper;)[B+55
J 450 c1 lombok.patcher.scripts.AddFieldScript.patch(Ljava/lang/String;[BLlombok/patcher/TransplantMapper;)[B (55 bytes) @ 0x0000024497d1a654 [0x0000024497d1a0c0+0x0000000000000594]
J 465 c1 lombok.patcher.ScriptManager$OurClassFileTransformer.transform(Ljava/lang/ClassLoader;Ljava/lang/String;Ljava/lang/Class;Ljava/security/ProtectionDomain;[B)[B (364 bytes) @ 0x0000024497d1e3c4 [0x0000024497d1d560+0x0000000000000e64]
J 547 c1 java.lang.instrument.ClassFileTransformer.transform(Ljava/lang/Module;Ljava/lang/ClassLoader;Ljava/lang/String;Ljava/lang/Class;Ljava/security/ProtectionDomain;[B)[B java.instrument@17.0.11 (15 bytes) @ 0x0000024497d3cdf4 [0x0000024497d3cd40+0x00000000000000b4]
J 510 c1 sun.instrument.TransformerManager.transform(Ljava/lang/Module;Ljava/lang/ClassLoader;Ljava/lang/String;Ljava/lang/Class;Ljava/security/ProtectionDomain;[B)[B java.instrument@17.0.11 (100 bytes) @ 0x0000024497d2d584 [0x0000024497d2d360+0x0000000000000224]
J 509 c1 sun.instrument.InstrumentationImpl.transform(Ljava/lang/Module;Ljava/lang/ClassLoader;Ljava/lang/String;Ljava/lang/Class;Ljava/security/ProtectionDomain;[BZ)[B java.instrument@17.0.11 (73 bytes) @ 0x0000024497d2def4 [0x0000024497d2dc60+0x0000000000000294]
v  ~StubRoutines::call_stub
J 1090  java.lang.ClassLoader.defineClass1(Ljava/lang/ClassLoader;Ljava/lang/String;[BIILjava/security/ProtectionDomain;Ljava/lang/String;)Ljava/lang/Class; java.base@17.0.11 (0 bytes) @ 0x000002449f7b275b [0x000002449f7b26a0+0x00000000000000bb]
j  java.lang.ClassLoader.defineClass(Ljava/lang/String;[BIILjava/security/ProtectionDomain;)Ljava/lang/Class;+27 java.base@17.0.11
j  java.security.SecureClassLoader.defineClass(Ljava/lang/String;[BIILjava/security/CodeSource;)Ljava/lang/Class;+12 java.base@17.0.11
j  java.net.URLClassLoader.defineClass(Ljava/lang/String;Ljdk/internal/loader/Resource;)Ljava/lang/Class;+221 java.base@17.0.11
j  java.net.URLClassLoader$1.run()Ljava/lang/Class;+43 java.base@17.0.11
j  java.net.URLClassLoader$1.run()Ljava/lang/Object;+1 java.base@17.0.11
J 893 c1 java.security.AccessController.executePrivileged(Ljava/security/PrivilegedExceptionAction;Ljava/security/AccessControlContext;Ljava/lang/Class;)Ljava/lang/Object; java.base@17.0.11 (65 bytes) @ 0x0000024497e005b4 [0x0000024497e00460+0x0000000000000154]
j  java.security.AccessController.doPrivileged(Ljava/security/PrivilegedExceptionAction;Ljava/security/AccessControlContext;)Ljava/lang/Object;+13 java.base@17.0.11
j  java.net.URLClassLoader.findClass(Ljava/lang/String;)Ljava/lang/Class;+13 java.base@17.0.11
J 917 c1 java.lang.ClassLoader.loadClass(Ljava/lang/String;Z)Ljava/lang/Class; java.base@17.0.11 (121 bytes) @ 0x0000024497e07adc [0x0000024497e07540+0x000000000000059c]
J 788 c1 java.lang.ClassLoader.loadClass(Ljava/lang/String;)Ljava/lang/Class; java.base@17.0.11 (7 bytes) @ 0x0000024497dc863c [0x0000024497dc8540+0x00000000000000fc]
v  ~StubRoutines::call_stub
j  org.eclipse.osgi.internal.framework.EquinoxContainerAdaptor.createSystemModule()Lorg/eclipse/osgi/container/SystemModule;+0
j  org.eclipse.osgi.container.ModuleDatabase.load(Ljava/lang/String;Lorg/eclipse/osgi/container/ModuleRevisionBuilder;Ljava/lang/Object;JLjava/util/EnumSet;I)Lorg/eclipse/osgi/container/Module;+96
j  org.eclipse.osgi.container.ModuleDatabase$Persistence.readModule(Lorg/eclipse/osgi/container/ModuleRevisionBuilder;Lorg/eclipse/osgi/container/ModuleDatabase;Ljava/io/DataInputStream;Ljava/util/List;I)V+224
j  org.eclipse.osgi.container.ModuleDatabase$Persistence.load(Lorg/eclipse/osgi/container/ModuleDatabase;Ljava/io/DataInputStream;)V+211
j  org.eclipse.osgi.container.ModuleDatabase.load(Ljava/io/DataInputStream;)V+32
j  org.eclipse.osgi.storage.Storage.<init>(Lorg/eclipse/osgi/internal/framework/EquinoxContainer;[Ljava/lang/String;)V+720
j  org.eclipse.osgi.storage.Storage.createStorage(Lorg/eclipse/osgi/internal/framework/EquinoxContainer;)Lorg/eclipse/osgi/storage/Storage;+11
j  org.eclipse.osgi.internal.framework.EquinoxContainer.<init>(Ljava/util/Map;Lorg/osgi/framework/connect/ModuleConnector;)V+146
j  org.eclipse.osgi.launch.Equinox.<init>(Ljava/util/Map;Lorg/osgi/framework/connect/ModuleConnector;)V+10
j  org.eclipse.osgi.launch.Equinox.<init>(Ljava/util/Map;)V+3
j  org.eclipse.core.runtime.adaptor.EclipseStarter.startup([Ljava/lang/String;Ljava/lang/Runnable;)Lorg/osgi/framework/BundleContext;+28
j  org.eclipse.core.runtime.adaptor.EclipseStarter.run([Ljava/lang/String;Ljava/lang/Runnable;)Ljava/lang/Object;+21
v  ~StubRoutines::call_stub
j  jdk.internal.reflect.NativeMethodAccessorImpl.invoke0(Ljava/lang/reflect/Method;Ljava/lang/Object;[Ljava/lang/Object;)Ljava/lang/Object;+0 java.base@17.0.11
j  jdk.internal.reflect.NativeMethodAccessorImpl.invoke(Ljava/lang/Object;[Ljava/lang/Object;)Ljava/lang/Object;+133 java.base@17.0.11
j  jdk.internal.reflect.DelegatingMethodAccessorImpl.invoke(Ljava/lang/Object;[Ljava/lang/Object;)Ljava/lang/Object;+6 java.base@17.0.11
j  java.lang.reflect.Method.invoke(Ljava/lang/Object;[Ljava/lang/Object;)Ljava/lang/Object;+59 java.base@17.0.11
j  org.eclipse.equinox.launcher.Main.invokeFramework([Ljava/lang/String;[Ljava/net/URL;)V+202
j  org.eclipse.equinox.launcher.Main.basicRun([Ljava/lang/String;)V+159
j  org.eclipse.equinox.launcher.Main.run([Ljava/lang/String;)I+4
j  org.eclipse.equinox.launcher.Main.main([Ljava/lang/String;)V+10
v  ~StubRoutines::call_stub

Compiled method (n/a)    3184 1090     n 0       java.lang.ClassLoader::defineClass1 (native)
 total in heap  [0x000002449f7b2510,0x000002449f7b2968] = 1112
 relocation     [0x000002449f7b2668,0x000002449f7b2698] = 48
 main code      [0x000002449f7b26a0,0x000002449f7b2968] = 712

[Constant Pool (empty)]

[MachCode]
[Entry Point]
  # {method} {0x00000244a901de78} 'defineClass1' '(Ljava/lang/ClassLoader;Ljava/lang/String;[BIILjava/security/ProtectionDomain;Ljava/lang/String;)Ljava/lang/Class;' in 'java/lang/ClassLoader'
  # parm0:    rdx:rdx   = 'java/lang/ClassLoader'
  # parm1:    r8:r8     = 'java/lang/String'
  # parm2:    r9:r9     = '[B'
  # parm3:    rdi       = int
  # parm4:    rsi       = int
  # parm5:    rcx:rcx   = 'java/security/ProtectionDomain'
  # parm6:    [sp+0xa0]   = 'java/lang/String'  (sp of caller)
  0x000002449f7b26a0: 448b 5208 | 49c1 e203 | 493b c20f | 8407 0000 

  0x000002449f7b26b0: ;   {runtime_call ic_miss_stub}
  0x000002449f7b26b0: 00e9 cae6 | a4ff 6690 
[Verified Entry Point]
  0x000002449f7b26b8: 8984 2400 | 90ff ff55 | 488b ec48 | 81ec 9000 | 0000 4881 | 7d10 0000 | 0000 488d | 4510 480f 
  0x000002449f7b26d8: 4445 1048 | 8944 2440 | 4889 4c24 | 7048 83f9 | 0048 8d44 | 2470 480f | 4444 2470 | 4889 4424 
  0x000002449f7b26f8: 3848 8974 | 2430 4889 | 7c24 284c | 894c 2458 | 4983 f900 | 488d 4424 | 5848 0f44 | 4424 5848 
  0x000002449f7b2718: 8944 2420 | 4c89 4424 | 5049 83f8 | 004c 8d4c | 2450 4c0f | 444c 2450 | 4889 5424 | 4848 83fa 
  0x000002449f7b2738: 004c 8d44 | 2448 4c0f | 4444 2448 

  0x000002449f7b2744: ;   {oop(a 'java/lang/Class'{0x00000000ec470d98} = 'java/lang/ClassLoader')}
  0x000002449f7b2744: 49be 980d | 47ec 0000 | 0000 4c89 | 7424 784c | 8d74 2478 | 498b d6c5 

  0x000002449f7b275c: ;   {internal_word}
  0x000002449f7b275c: f877 49ba | 5b27 7b9f | 4402 0000 | 4d89 97a0 | 0200 0049 | 89a7 9802 

  0x000002449f7b2774: ;   {external_word}
  0x000002449f7b2774: 0000 49ba | 5835 3d67 | f97f 0000 | 4180 3a00 | 0f84 5200 | 0000 5241 

  0x000002449f7b278c: ;   {metadata({method} {0x00000244a901de78} 'defineClass1' '(Ljava/lang/ClassLoader;Ljava/lang/String;[BIILjava/security/ProtectionDomain;Ljava/lang/String;)Ljava/lang/Class;' in 'java/lang/ClassLoader')}
  0x000002449f7b278c: 5041 5148 | ba70 de01 | a944 0200 | 0049 8bcf | 4883 ec20 | f7c4 0f00 | 0000 0f84 | 1a00 0000 
  0x000002449f7b27ac: 4883 ec08 

  0x000002449f7b27b0: ;   {runtime_call}
  0x000002449f7b27b0: 49ba 6031 | f366 f97f | 0000 41ff | d248 83c4 | 08e9 0d00 

  0x000002449f7b27c4: ;   {runtime_call}
  0x000002449f7b27c4: 0000 49ba | 6031 f366 | f97f 0000 | 41ff d248 | 83c4 2041 | 5941 585a | 498d 8fb8 | 0200 0041 
  0x000002449f7b27e4: c787 4803 | 0000 0400 

  0x000002449f7b27ec: ;   {runtime_call}
  0x000002449f7b27ec: 0000 49ba | ac16 b0bb | f97f 0000 | 41ff d2c5 | f877 41c7 | 8748 0300 | 0005 0000 | 00f0 8344 
  0x000002449f7b280c: 24c0 0049 | 3baf 5003 | 0000 0f87 | 1100 0000 | 4181 bf38 | 0300 0000 | 0000 000f | 842c 0000 
  0x000002449f7b282c: 00c5 f877 | 4889 45f8 | 498b cf4c | 8be4 4883 | ec20 4883 

  0x000002449f7b2840: ;   {runtime_call}
  0x000002449f7b2840: e4f0 49ba | c045 0367 | f97f 0000 | 41ff d249 | 8be4 4d33 | e448 8b45 | f841 c787 | 4803 0000 
  0x000002449f7b2860: 0800 0000 | 4181 bfb8 | 0300 0002 | 0000 000f | 84c5 0000 

  0x000002449f7b2874: ;   {external_word}
  0x000002449f7b2874: 0049 ba58 | 353d 67f9 | 7f00 0041 | 803a 000f | 8450 0000 | 0048 8945 

  0x000002449f7b288c: ;   {metadata({method} {0x00000244a901de78} 'defineClass1' '(Ljava/lang/ClassLoader;Ljava/lang/String;[BIILjava/security/ProtectionDomain;Ljava/lang/String;)Ljava/lang/Class;' in 'java/lang/ClassLoader')}
  0x000002449f7b288c: f848 ba70 | de01 a944 | 0200 0049 | 8bcf 4883 | ec20 f7c4 | 0f00 0000 | 0f84 1a00 | 0000 4883 
  0x000002449f7b28ac: ;   {runtime_call}
  0x000002449f7b28ac: ec08 49ba | 6031 f366 | f97f 0000 | 41ff d248 | 83c4 08e9 | 0d00 0000 

  0x000002449f7b28c4: ;   {runtime_call}
  0x000002449f7b28c4: 49ba 6031 | f366 f97f | 0000 41ff | d248 83c4 | 2048 8b45 | f849 c787 | 9802 0000 | 0000 0000 
  0x000002449f7b28e4: 49c7 87a0 | 0200 0000 | 0000 00c5 | f877 4885 | c00f 8419 | 0000 0048 | f7c0 0100 | 0000 0f84 
  0x000002449f7b2904: 0900 0000 | 488b 40ff | e903 0000 | 0048 8b00 | 498b 8fd8 | 0000 00c7 | 8100 0100 | 0000 0000 
  0x000002449f7b2924: 00c9 4981 | 7f08 0000 | 0000 0f85 | 0100 0000 

  0x000002449f7b2934: ;   {runtime_call StubRoutines (1)}
  0x000002449f7b2934: c3e9 c6e5 | 9fff c5f8 | 7748 8945 | f84c 8be4 | 4883 ec20 | 4883 e4f0 

  0x000002449f7b294c: ;   {runtime_call}
  0x000002449f7b294c: 49ba e061 | f366 f97f | 0000 41ff | d249 8be4 | 4d33 e448 | 8b45 f8e9 | 0dff ffff 
[/MachCode]


Compiled method (c1)    3196 1095       3       java.lang.ClassLoader::defineClass (43 bytes)
 total in heap  [0x0000024497e60a10,0x0000024497e61348] = 2360
 relocation     [0x0000024497e60b68,0x0000024497e60bf8] = 144
 main code      [0x0000024497e60c00,0x0000024497e61080] = 1152
 stub code      [0x0000024497e61080,0x0000024497e610f8] = 120
 metadata       [0x0000024497e610f8,0x0000024497e61138] = 64
 scopes data    [0x0000024497e61138,0x0000024497e61228] = 240
 scopes pcs     [0x0000024497e61228,0x0000024497e61308] = 224
 dependencies   [0x0000024497e61308,0x0000024497e61320] = 24
 nul chk table  [0x0000024497e61320,0x0000024497e61348] = 40

[Constant Pool (empty)]

[MachCode]
[Entry Point]
  # {method} {0x00000244a901dce8} 'defineClass' '(Ljava/lang/String;[BIILjava/security/ProtectionDomain;)Ljava/lang/Class;' in 'java/lang/ClassLoader'
  # this:     rdx:rdx   = 'java/lang/ClassLoader'
  # parm0:    r8:r8     = 'java/lang/String'
  # parm1:    r9:r9     = '[B'
  # parm2:    rdi       = int
  # parm3:    rsi       = int
  # parm4:    rcx:rcx   = 'java/security/ProtectionDomain'
  #           [sp+0xc0]  (sp of caller)
  0x0000024497e60c00: 448b 5208 | 49c1 e203 

  0x0000024497e60c08: ;   {runtime_call ic_miss_stub}
  0x0000024497e60c08: 4c3b d00f | 856f 013a | 070f 1f84 | 0000 0000 | 000f 1f80 | 0000 0000 
[Verified Entry Point]
  0x0000024497e60c20: 8984 2400 | 90ff ff55 | 4881 ecb0 | 0000 0048 | 8954 2478 

  0x0000024497e60c34: ;   {metadata(method data for {method} {0x00000244a901dce8} 'defineClass' '(Ljava/lang/String;[BIILjava/security/ProtectionDomain;)Ljava/lang/Class;' in 'java/lang/ClassLoader')}
  0x0000024497e60c34: 48bb a0be | b1a9 4402 | 0000 8b83 | cc00 0000 | 83c0 0289 | 83cc 0000 | 0081 e0fe | 0700 0083 
  0x0000024497e60c54: f800 0f84 | 3e03 0000 | 89b4 2494 | 0000 0089 | bc24 9000 | 0000 4c89 | 8c24 8800 | 0000 488b 
  0x0000024497e60c74: ;   {metadata(method data for {method} {0x00000244a901dce8} 'defineClass' '(Ljava/lang/String;[BIILjava/security/ProtectionDomain;)Ljava/lang/Class;' in 'java/lang/ClassLoader')}
  0x0000024497e60c74: da48 b8a0 | beb1 a944 | 0200 0048 | 8380 1001 | 0000 0149 | 8bd8 4c8b | c34c 8bc9 | 488b ca48 
  0x0000024497e60c94: 8bd1 4889 | 9c24 8000 

  0x0000024497e60c9c: ;   {optimized virtual_call}
  0x0000024497e60c9c: 0000 90e8 

  0x0000024497e60ca0: ; ImmutableOopMap {[120]=Oop [136]=Oop [128]=Oop }
                      ;*invokevirtual preDefineClass {reexecute=0 rethrow=0 return_oop=0}
                      ; - java.lang.ClassLoader::defineClass@4
  0x0000024497e60ca0: 7c0a 0000 | 4889 8424 | 9800 0000 | 488b 5424 

  0x0000024497e60cb0: ;   {metadata(method data for {method} {0x00000244a901dce8} 'defineClass' '(Ljava/lang/String;[BIILjava/security/ProtectionDomain;)Ljava/lang/Class;' in 'java/lang/ClassLoader')}
  0x0000024497e60cb0: 7849 b8a0 | beb1 a944 | 0200 0049 | 8380 4801 

  0x0000024497e60cc0: ;   {metadata(method data for {method} {0x00000244a901db70} 'defineClassSourceLocation' '(Ljava/security/ProtectionDomain;)Ljava/lang/String;' in 'java/lang/ClassLoader')}
  0x0000024497e60cc0: 0000 0149 | b8b8 c5b1 | a944 0200 | 0041 8b90 | cc00 0000 | 83c2 0241 | 8990 cc00 | 0000 81e2 
  0x0000024497e60ce0: feff 1f00 | 83fa 000f | 84ce 0200 | 0048 3b00 

  0x0000024497e60cf0: ;   {metadata(method data for {method} {0x00000244a901db70} 'defineClassSourceLocation' '(Ljava/security/ProtectionDomain;)Ljava/lang/String;' in 'java/lang/ClassLoader')}
  0x0000024497e60cf0: 4c8b c048 | bab8 c5b1 | a944 0200 | 0048 8382 | 1001 0000 | 0144 8b40 | 1049 83f8 

  0x0000024497e60d0c: ;   {metadata(method data for {method} {0x00000244a901db70} 'defineClassSourceLocation' '(Ljava/security/ProtectionDomain;)Ljava/lang/String;' in 'java/lang/ClassLoader')}
  0x0000024497e60d0c: 0048 bab8 | c5b1 a944 | 0200 0048 | be58 0100 | 0000 0000 | 000f 850a | 0000 0048 | be48 0100 
  0x0000024497e60d2c: 0000 0000 | 0048 8b3c | 3248 8d7f | 0148 893c | 320f 850f 

  0x0000024497e60d40: ;   {oop(NULL)}
  0x0000024497e60d40: 0000 0048 | bb00 0000 | 0000 0000 | 00e9 9d01 | 0000 493b | 0049 8bd0 

  0x0000024497e60d58: ;   {metadata(method data for {method} {0x00000244a901db70} 'defineClassSourceLocation' '(Ljava/security/ProtectionDomain;)Ljava/lang/String;' in 'java/lang/ClassLoader')}
  0x0000024497e60d58: 48be b8c5 | b1a9 4402 | 0000 4883 | 8668 0100 | 0001 418b | 500c 4883 

  0x0000024497e60d70: ;   {metadata(method data for {method} {0x00000244a901db70} 'defineClassSourceLocation' '(Ljava/security/ProtectionDomain;)Ljava/lang/String;' in 'java/lang/ClassLoader')}
  0x0000024497e60d70: fa00 48be | b8c5 b1a9 | 4402 0000 | 48bf b001 | 0000 0000 | 0000 0f85 | 0a00 0000 | 48bf a001 
  0x0000024497e60d90: 0000 0000 | 0000 488b | 1c3e 488d | 5b01 4889 | 1c3e 0f85 | 0f00 0000 

  0x0000024497e60da8: ;   {oop(NULL)}
  0x0000024497e60da8: 48bb 0000 | 0000 0000 | 0000 e938 

  0x0000024497e60db4: ;   {metadata(method data for {method} {0x00000244a901db70} 'defineClassSourceLocation' '(Ljava/security/ProtectionDomain;)Ljava/lang/String;' in 'java/lang/ClassLoader')}
  0x0000024497e60db4: 0100 0048 | beb8 c5b1 | a944 0200 | 0048 8386 | c001 0000 | 0148 3b02 

  0x0000024497e60dcc: ;   {metadata(method data for {method} {0x00000244a901db70} 'defineClassSourceLocation' '(Ljava/security/ProtectionDomain;)Ljava/lang/String;' in 'java/lang/ClassLoader')}
  0x0000024497e60dcc: 4c8b c248 | beb8 c5b1 | a944 0200 | 0048 8386 | f801 0000 

  0x0000024497e60de0: ;   {metadata(method data for {method} {0x00000244a90ba590} 'toString' '()Ljava/lang/String;' in 'java/net/URL')}
  0x0000024497e60de0: 0149 b830 | b8b1 a944 | 0200 0041 | 8bb0 cc00 | 0000 83c6 | 0241 89b0 | cc00 0000 | 81e6 feff 
  0x0000024497e60e00: 1f00 83fe | 000f 84e0 | 0100 004c 

  0x0000024497e60e0c: ;   {metadata(method data for {method} {0x00000244a90ba590} 'toString' '()Ljava/lang/String;' in 'java/net/URL')}
  0x0000024497e60e0c: 8bc2 48be | 30b8 b1a9 | 4402 0000 | 4883 8610 | 0100 0001 

  0x0000024497e60e20: ;   {metadata(method data for {method} {0x00000244a90ba628} 'toExternalForm' '()Ljava/lang/String;' in 'java/net/URL')}
  0x0000024497e60e20: 49b8 703b | b1a9 4402 | 0000 418b | b0cc 0000 | 0083 c602 | 4189 b0cc | 0000 0081 | e6fe ff1f 
  0x0000024497e60e40: 0083 fe00 | 0f84 c201 | 0000 8b72 | 3848 3b06 

  0x0000024497e60e50: ;   {metadata(method data for {method} {0x00000244a90ba628} 'toExternalForm' '()Ljava/lang/String;' in 'java/net/URL')}
  0x0000024497e60e50: 4c8b c648 | bf70 3bb1 | a944 0200 | 0045 8b40 | 0849 c1e0 | 034c 3b87 | 2001 0000 | 750d 4883 
  0x0000024497e60e70: 8728 0100 | 0001 e966 | 0000 004c | 3b87 3001 | 0000 750d | 4883 8738 | 0100 0001 | e950 0000 
  0x0000024497e60e90: 0048 81bf | 2001 0000 | 0000 0000 | 7517 4c89 | 8720 0100 | 0048 c787 | 2801 0000 | 0100 0000 
  0x0000024497e60eb0: e92c 0000 | 0048 81bf | 3001 0000 | 0000 0000 | 7517 4c89 | 8730 0100 | 0048 c787 | 3801 0000 
  0x0000024497e60ed0: 0100 0000 | e908 0000 | 0048 8387 | 1001 0000 | 014c 8bc2 

  0x0000024497e60ee4: ;   {optimized virtual_call}
  0x0000024497e60ee4: 488b d6e8 

  0x0000024497e60ee8: ; ImmutableOopMap {[120]=Oop [136]=Oop [128]=Oop [152]=Oop }
                      ;*invokevirtual toExternalForm {reexecute=0 rethrow=0 return_oop=0}
                      ; - java.net.URL::toExternalForm@5
                      ; - java.net.URL::toString@1
                      ; - java.lang.ClassLoader::defineClassSourceLocation@22
                      ; - java.lang.ClassLoader::defineClass@12
  0x0000024497e60ee8: 9401 3a07 | 488b d848 | 8b84 2498 | 0000 008b | b424 9400 | 0000 8bbc | 2490 0000 | 004c 8b8c 
  0x0000024497e60f08: 2488 0000 | 004c 8b84 | 2480 0000 | 0048 8b54 

  0x0000024497e60f18: ;   {metadata(method data for {method} {0x00000244a901dce8} 'defineClass' '(Ljava/lang/String;[BIILjava/security/ProtectionDomain;)Ljava/lang/Class;' in 'java/lang/ClassLoader')}
  0x0000024497e60f18: 2478 48b9 | a0be b1a9 | 4402 0000 | 4883 8180 | 0100 0001 | 4c8b da49 | 8bd3 488b | c848 891c 
  0x0000024497e60f38: 2466 0f1f 

  0x0000024497e60f3c: ;   {static_call}
  0x0000024497e60f3c: 4400 00e8 

  0x0000024497e60f40: ; ImmutableOopMap {[152]=Oop [120]=Oop }
                      ;*invokestatic defineClass1 {reexecute=0 rethrow=0 return_oop=0}
                      ; - java.lang.ClassLoader::defineClass@27
  0x0000024497e60f40: 7417 9507 | 488b 5424 

  0x0000024497e60f48: ;   {metadata(method data for {method} {0x00000244a901dce8} 'defineClass' '(Ljava/lang/String;[BIILjava/security/ProtectionDomain;)Ljava/lang/Class;' in 'java/lang/ClassLoader')}
  0x0000024497e60f48: 7849 b8a0 | beb1 a944 | 0200 0049 | 8380 9001 | 0000 014c | 8bc0 4c8b | 8c24 9800 | 0000 488b 
  0x0000024497e60f68: 5424 7848 | 8984 24a0 | 0000 000f 

  0x0000024497e60f74: ;   {optimized virtual_call}
  0x0000024497e60f74: 1f40 00e8 

  0x0000024497e60f78: ; ImmutableOopMap {[160]=Oop }
                      ;*invokevirtual postDefineClass {reexecute=0 rethrow=0 return_oop=0}
                      ; - java.lang.ClassLoader::defineClass@37
  0x0000024497e60f78: 3901 0000 | 488b 8424 | a000 0000 | 4881 c4b0 | 0000 005d 

  0x0000024497e60f8c: ;   {poll_return}
  0x0000024497e60f8c: 493b a750 | 0300 000f | 8799 0000 

  0x0000024497e60f98: ;   {metadata({method} {0x00000244a901dce8} 'defineClass' '(Ljava/lang/String;[BIILjava/security/ProtectionDomain;)Ljava/lang/Class;' in 'java/lang/ClassLoader')}
  0x0000024497e60f98: 00c3 49ba | e0dc 01a9 | 4402 0000 | 4c89 5424 | 0848 c704 | 24ff ffff 

  0x0000024497e60fb0: ;   {runtime_call counter_overflow Runtime1 stub}
  0x0000024497e60fb0: ffe8 ca78 

  0x0000024497e60fb4: ; ImmutableOopMap {rdx=Oop [120]=Oop r8=Oop r9=Oop rcx=Oop }
                      ;*synchronization entry
                      ; - java.lang.ClassLoader::defineClass@-1
  0x0000024497e60fb4: 4407 e9a1 

  0x0000024497e60fb8: ;   {metadata({method} {0x00000244a901db70} 'defineClassSourceLocation' '(Ljava/security/ProtectionDomain;)Ljava/lang/String;' in 'java/lang/ClassLoader')}
  0x0000024497e60fb8: fcff ff49 | ba68 db01 | a944 0200 | 004c 8954 | 2408 48c7 | 0424 ffff 

  0x0000024497e60fd0: ;   {runtime_call counter_overflow Runtime1 stub}
  0x0000024497e60fd0: ffff e8a9 

  0x0000024497e60fd4: ; ImmutableOopMap {[120]=Oop [136]=Oop [128]=Oop rax=Oop [152]=Oop }
                      ;*synchronization entry
                      ; - java.lang.ClassLoader::defineClassSourceLocation@-1
                      ; - java.lang.ClassLoader::defineClass@12
  0x0000024497e60fd4: 7844 07e9 | 11fd ffff 

  0x0000024497e60fdc: ;   {runtime_call throw_null_pointer_exception Runtime1 stub}
  0x0000024497e60fdc: e8bf 2744 

  0x0000024497e60fe0: ; ImmutableOopMap {[120]=Oop [136]=Oop [128]=Oop rax=Oop [152]=Oop }
                      ;*invokevirtual getCodeSource {reexecute=0 rethrow=0 return_oop=0}
                      ; - java.lang.ClassLoader::defineClassSourceLocation@1
                      ; - java.lang.ClassLoader::defineClass@12
                      ;   {runtime_call throw_null_pointer_exception Runtime1 stub}
  0x0000024497e60fe0: 07e8 ba27 

  0x0000024497e60fe4: ; ImmutableOopMap {[120]=Oop [136]=Oop [128]=Oop rax=Oop [152]=Oop r8=Oop }
                      ;*invokevirtual getLocation {reexecute=0 rethrow=0 return_oop=0}
                      ; - java.lang.ClassLoader::defineClassSourceLocation@12
                      ; - java.lang.ClassLoader::defineClass@12
                      ;   {runtime_call throw_null_pointer_exception Runtime1 stub}
  0x0000024497e60fe4: 4407 e8b5 

  0x0000024497e60fe8: ; ImmutableOopMap {[120]=Oop [136]=Oop [128]=Oop [152]=Oop rdx=Oop }
                      ;*invokevirtual toString {reexecute=0 rethrow=0 return_oop=0}
                      ; - java.lang.ClassLoader::defineClassSourceLocation@22
                      ; - java.lang.ClassLoader::defineClass@12
                      ;   {metadata({method} {0x00000244a90ba590} 'toString' '()Ljava/lang/String;' in 'java/net/URL')}
  0x0000024497e60fe8: 2744 0749 | ba88 a50b | a944 0200 | 004c 8954 | 2408 48c7 | 0424 ffff 

  0x0000024497e61000: ;   {runtime_call counter_overflow Runtime1 stub}
  0x0000024497e61000: ffff e879 

  0x0000024497e61004: ; ImmutableOopMap {[120]=Oop [136]=Oop [128]=Oop [152]=Oop rdx=Oop }
                      ;*synchronization entry
                      ; - java.net.URL::toString@-1
                      ; - java.lang.ClassLoader::defineClassSourceLocation@22
                      ; - java.lang.ClassLoader::defineClass@12
  0x0000024497e61004: 7844 07e9 | fffd ffff 

  0x0000024497e6100c: ;   {metadata({method} {0x00000244a90ba628} 'toExternalForm' '()Ljava/lang/String;' in 'java/net/URL')}
  0x0000024497e6100c: 49ba 20a6 | 0ba9 4402 | 0000 4c89 | 5424 0848 | c704 24ff 

  0x0000024497e61020: ;   {runtime_call counter_overflow Runtime1 stub}
  0x0000024497e61020: ffff ffe8 

  0x0000024497e61024: ; ImmutableOopMap {[120]=Oop [136]=Oop [128]=Oop [152]=Oop rdx=Oop }
                      ;*synchronization entry
                      ; - java.net.URL::toExternalForm@-1
                      ; - java.net.URL::toString@1
                      ; - java.lang.ClassLoader::defineClassSourceLocation@22
                      ; - java.lang.ClassLoader::defineClass@12
  0x0000024497e61024: 5878 4407 | e91d feff 

  0x0000024497e6102c: ;   {runtime_call throw_null_pointer_exception Runtime1 stub}
  0x0000024497e6102c: ffe8 6e27 

  0x0000024497e61030: ; ImmutableOopMap {[120]=Oop [136]=Oop [128]=Oop [152]=Oop rdx=Oop rsi=Oop }
                      ;*invokevirtual toExternalForm {reexecute=0 rethrow=0 return_oop=0}
                      ; - java.net.URL::toExternalForm@5
                      ; - java.net.URL::toString@1
                      ; - java.lang.ClassLoader::defineClassSourceLocation@22
                      ; - java.lang.ClassLoader::defineClass@12
                      ;   {internal_word}
  0x0000024497e61030: 4407 49ba | 8c0f e697 | 4402 0000 | 4d89 9768 

  0x0000024497e61040: ;   {runtime_call SafepointBlob}
  0x0000024497e61040: 0300 00e9 | b866 3a07 | 9090 498b | 87e0 0300 | 0049 c787 | e003 0000 | 0000 0000 | 49c7 87e8 
  0x0000024497e61060: 0300 0000 | 0000 0048 | 81c4 b000 

  0x0000024497e6106c: ;   {runtime_call unwind_exception Runtime1 stub}
  0x0000024497e6106c: 0000 5de9 | 0c15 4407 | f4f4 f4f4 | f4f4 f4f4 | f4f4 f4f4 
[Stub Code]
  0x0000024497e61080: ;   {no_reloc}
  0x0000024497e61080: 0f1f 4400 

  0x0000024497e61084: ;   {static_stub}
  0x0000024497e61084: 0048 bb00 | 0000 0000 

  0x0000024497e6108c: ;   {runtime_call}
  0x0000024497e6108c: 0000 00e9 | fbff ffff 

  0x0000024497e61094: ;   {static_stub}
  0x0000024497e61094: 9048 bb00 | 0000 0000 

  0x0000024497e6109c: ;   {runtime_call}
  0x0000024497e6109c: 0000 00e9 | fbff ffff 

  0x0000024497e610a4: ;   {static_stub}
  0x0000024497e610a4: 9048 bb00 | 0000 0000 

  0x0000024497e610ac: ;   {runtime_call}
  0x0000024497e610ac: 0000 00e9 | fbff ffff 

  0x0000024497e610b4: ;   {static_stub}
  0x0000024497e610b4: 9048 bb20 | dc01 a944 

  0x0000024497e610bc: ;   {runtime_call I2C/C2I adapters}
  0x0000024497e610bc: 0200 00e9 | 14c9 3907 
[Exception Handler]
  0x0000024497e610c4: ;   {runtime_call handle_exception_from_callee Runtime1 stub}
  0x0000024497e610c4: e8b7 4444 

  0x0000024497e610c8: ;   {external_word}
  0x0000024497e610c8: 0748 b930 | 9a17 67f9 | 7f00 0048 

  0x0000024497e610d4: ;   {runtime_call}
  0x0000024497e610d4: 83e4 f049 | ba40 2be0 | 66f9 7f00 | 0041 ffd2 

  0x0000024497e610e4: ;   {section_word}
  0x0000024497e610e4: f449 bae5 | 10e6 9744 | 0200 0041 

  0x0000024497e610f0: ;   {runtime_call DeoptimizationBlob}
  0x0000024497e610f0: 52e9 aa58 | 3a07 f4f4 
[/MachCode]


Compiled method (c1)    3254  788       3       java.lang.ClassLoader::loadClass (7 bytes)
 total in heap  [0x0000024497dc8390,0x0000024497dc8770] = 992
 relocation     [0x0000024497dc84e8,0x0000024497dc8528] = 64
 main code      [0x0000024497dc8540,0x0000024497dc86c0] = 384
 stub code      [0x0000024497dc86c0,0x0000024497dc8708] = 72
 metadata       [0x0000024497dc8708,0x0000024497dc8710] = 8
 scopes data    [0x0000024497dc8710,0x0000024497dc8728] = 24
 scopes pcs     [0x0000024497dc8728,0x0000024497dc8768] = 64
 dependencies   [0x0000024497dc8768,0x0000024497dc8770] = 8

[Constant Pool (empty)]

[MachCode]
[Entry Point]
  # {method} {0x00000244a901d380} 'loadClass' '(Ljava/lang/String;)Ljava/lang/Class;' in 'java/lang/ClassLoader'
  # this:     rdx:rdx   = 'java/lang/ClassLoader'
  # parm0:    r8:r8     = 'java/lang/String'
  #           [sp+0x40]  (sp of caller)
  0x0000024497dc8540: 448b 5208 | 49c1 e203 

  0x0000024497dc8548: ;   {runtime_call ic_miss_stub}
  0x0000024497dc8548: 4c3b d00f | 852f 8843 | 070f 1f84 | 0000 0000 | 000f 1f80 | 0000 0000 
[Verified Entry Point]
  0x0000024497dc8560: 8984 2400 | 90ff ff55 | 4883 ec30 

  0x0000024497dc856c: ;   {metadata(method data for {method} {0x00000244a901d380} 'loadClass' '(Ljava/lang/String;)Ljava/lang/Class;' in 'java/lang/ClassLoader')}
  0x0000024497dc856c: 49b9 607c | 96a9 4402 | 0000 418b | b1cc 0000 | 0083 c602 | 4189 b1cc | 0000 0081 | e6fe 0700 
  0x0000024497dc858c: 0083 fe00 | 0f84 b900 | 0000 4c8b 

  0x0000024497dc8598: ;   {metadata(method data for {method} {0x00000244a901d380} 'loadClass' '(Ljava/lang/String;)Ljava/lang/Class;' in 'java/lang/ClassLoader')}
  0x0000024497dc8598: ca48 be60 | 7c96 a944 | 0200 0045 | 8b49 0849 | c1e1 034c | 3b8e 2001 | 0000 750d | 4883 8628 
  0x0000024497dc85b8: 0100 0001 | e966 0000 | 004c 3b8e | 3001 0000 | 750d 4883 | 8638 0100 | 0001 e950 | 0000 0048 
  0x0000024497dc85d8: 81be 2001 | 0000 0000 | 0000 7517 | 4c89 8e20 | 0100 0048 | c786 2801 | 0000 0100 | 0000 e92c 
  0x0000024497dc85f8: 0000 0048 | 81be 3001 | 0000 0000 | 0000 7517 | 4c89 8e30 | 0100 0048 | c786 3801 | 0000 0100 
  0x0000024497dc8618: 0000 e908 | 0000 0048 | 8386 1001 | 0000 0141 | b900 0000 | 0048 b8c8 | a40c 0001 

  0x0000024497dc8634: ;   {virtual_call}
  0x0000024497dc8634: 0000 00e8 

  0x0000024497dc8638: ; ImmutableOopMap {}
                      ;*invokevirtual loadClass {reexecute=0 rethrow=0 return_oop=0}
                      ; - java.lang.ClassLoader::loadClass@3
  0x0000024497dc8638: e45e 4307 | 4883 c430 

  0x0000024497dc8640: ;   {poll_return}
  0x0000024497dc8640: 5d49 3ba7 | 5003 0000 | 0f87 2200 

  0x0000024497dc864c: ;   {metadata({method} {0x00000244a901d380} 'loadClass' '(Ljava/lang/String;)Ljava/lang/Class;' in 'java/lang/ClassLoader')}
  0x0000024497dc864c: 0000 c349 | ba78 d301 | a944 0200 | 004c 8954 | 2408 48c7 | 0424 ffff 

  0x0000024497dc8664: ;   {runtime_call counter_overflow Runtime1 stub}
  0x0000024497dc8664: ffff e815 

  0x0000024497dc8668: ; ImmutableOopMap {rdx=Oop r8=Oop }
                      ;*synchronization entry
                      ; - java.lang.ClassLoader::loadClass@-1
  0x0000024497dc8668: 024e 07e9 | 26ff ffff 

  0x0000024497dc8670: ;   {internal_word}
  0x0000024497dc8670: 49ba 4186 | dc97 4402 | 0000 4d89 | 9768 0300 

  0x0000024497dc8680: ;   {runtime_call SafepointBlob}
  0x0000024497dc8680: 00e9 7af0 | 4307 9090 | 498b 87e0 | 0300 0049 | c787 e003 | 0000 0000 | 0000 49c7 | 87e8 0300 
  0x0000024497dc86a0: 0000 0000 | 0048 83c4 

  0x0000024497dc86a8: ;   {runtime_call unwind_exception Runtime1 stub}
  0x0000024497dc86a8: 305d e9d1 | 9e4d 07f4 | f4f4 f4f4 | f4f4 f4f4 | f4f4 f4f4 | f4f4 f4f4 
[Stub Code]
  0x0000024497dc86c0: ;   {no_reloc}
  0x0000024497dc86c0: 0f1f 4400 

  0x0000024497dc86c4: ;   {static_stub}
  0x0000024497dc86c4: 0048 bb00 | 0000 0000 

  0x0000024497dc86cc: ;   {runtime_call}
  0x0000024497dc86cc: 0000 00e9 | fbff ffff 
[Exception Handler]
  0x0000024497dc86d4: ;   {runtime_call handle_exception_from_callee Runtime1 stub}
  0x0000024497dc86d4: e8a7 ce4d 

  0x0000024497dc86d8: ;   {external_word}
  0x0000024497dc86d8: 0748 b930 | 9a17 67f9 | 7f00 0048 

  0x0000024497dc86e4: ;   {runtime_call}
  0x0000024497dc86e4: 83e4 f049 | ba40 2be0 | 66f9 7f00 | 0041 ffd2 

  0x0000024497dc86f4: ;   {section_word}
  0x0000024497dc86f4: f449 baf5 | 86dc 9744 | 0200 0041 

  0x0000024497dc8700: ;   {runtime_call DeoptimizationBlob}
  0x0000024497dc8700: 52e9 9ae2 | 4307 f4f4 
[/MachCode]


---------------  P R O C E S S  ---------------

Threads class SMR info:
_java_thread_list=0x00000244ae2b32d0, length=12, elements={
0x0000024494ff32c0, 0x00000244a8e75030, 0x00000244a8e76390, 0x00000244a8e7af70,
0x00000244a8e7ba40, 0x00000244a8e7c600, 0x00000244a8e7e940, 0x00000244adf4e4e0,
0x00000244adf51740, 0x00000244adf52140, 0x0000024495055920, 0x00000244ae29dd20
}

Java Threads: ( => current thread )
=>0x0000024494ff32c0 JavaThread "main" [_thread_in_vm, id=156, stack(0x000000b1e4000000,0x000000b1e4100000)]
  0x00000244a8e75030 JavaThread "Reference Handler" daemon [_thread_blocked, id=20124, stack(0x000000b1e4300000,0x000000b1e4400000)]
  0x00000244a8e76390 JavaThread "Finalizer" daemon [_thread_blocked, id=17728, stack(0x000000b1e4400000,0x000000b1e4500000)]
  0x00000244a8e7af70 JavaThread "Signal Dispatcher" daemon [_thread_blocked, id=13036, stack(0x000000b1e4500000,0x000000b1e4600000)]
  0x00000244a8e7ba40 JavaThread "Attach Listener" daemon [_thread_blocked, id=5692, stack(0x000000b1e4600000,0x000000b1e4700000)]
  0x00000244a8e7c600 JavaThread "Service Thread" daemon [_thread_blocked, id=16532, stack(0x000000b1e4700000,0x000000b1e4800000)]
  0x00000244a8e7e940 JavaThread "Monitor Deflation Thread" daemon [_thread_blocked, id=6168, stack(0x000000b1e4800000,0x000000b1e4900000)]
  0x00000244adf4e4e0 JavaThread "C2 CompilerThread0" daemon [_thread_blocked, id=9704, stack(0x000000b1e4900000,0x000000b1e4a00000)]
  0x00000244adf51740 JavaThread "C1 CompilerThread0" daemon [_thread_blocked, id=25068, stack(0x000000b1e4a00000,0x000000b1e4b00000)]
  0x00000244adf52140 JavaThread "Sweeper thread" daemon [_thread_blocked, id=11888, stack(0x000000b1e4b00000,0x000000b1e4c00000)]
  0x0000024495055920 JavaThread "Common-Cleaner" daemon [_thread_blocked, id=17232, stack(0x000000b1e4c00000,0x000000b1e4d00000)]
  0x00000244ae29dd20 JavaThread "Notification Thread" daemon [_thread_blocked, id=18516, stack(0x000000b1e4d00000,0x000000b1e4e00000)]

Other Threads:
  0x000002449507c1f0 VMThread "VM Thread" [stack: 0x000000b1e4200000,0x000000b1e4300000] [id=18028]
  0x00000244ae29e200 WatcherThread [stack: 0x000000b1e4e00000,0x000000b1e4f00000] [id=24680]
  0x0000024495007e90 GCTaskThread "GC Thread#0" [stack: 0x000000b1e4100000,0x000000b1e4200000] [id=4764]
  0x00000244af8ae7b0 GCTaskThread "GC Thread#1" [stack: 0x000000b1e4f00000,0x000000b1e5000000] [id=18072]
  0x00000244af210230 GCTaskThread "GC Thread#2" [stack: 0x000000b1e5000000,0x000000b1e5100000] [id=17908]
  0x00000244af2104f0 GCTaskThread "GC Thread#3" [stack: 0x000000b1e5100000,0x000000b1e5200000] [id=18104]
  0x00000244afa79fc0 GCTaskThread "GC Thread#4" [stack: 0x000000b1e5200000,0x000000b1e5300000] [id=11096]
  0x00000244afa7a280 GCTaskThread "GC Thread#5" [stack: 0x000000b1e5300000,0x000000b1e5400000] [id=20592]
  0x00000244afa7a540 GCTaskThread "GC Thread#6" [stack: 0x000000b1e5400000,0x000000b1e5500000] [id=13664]

Threads with active compile tasks:

VM state: not at safepoint (normal execution)

VM Mutex/Monitor currently owned by a thread:  ([mutex/lock_event])
[0x0000024492cde5b0] Metaspace_lock - owner thread: 0x0000024494ff32c0

OutOfMemory and StackOverflow Exception counts:
OutOfMemoryError java_heap_errors=1
LinkageErrors=8

Heap address: 0x00000000c0000000, size: 1024 MB, Compressed Oops mode: 32-bit

CDS archive(s) not mapped
Compressed class space mapped at: 0x0000000100000000-0x0000000140000000, reserved size: 1073741824
Narrow klass base: 0x0000000000000000, Narrow klass shift: 3, Narrow klass range: 0x140000000

GC Precious Log:
 CPUs: 8 total, 8 available
 Memory: 6091M
 Large Page Support: Disabled
 NUMA Support: Disabled
 Compressed Oops: Enabled (32-bit)
 Alignments: Space 512K, Generation 512K, Heap 2M
 Heap Min Capacity: 100M
 Heap Initial Capacity: 100M
 Heap Max Capacity: 1G
 Pre-touch: Disabled
 Parallel Workers: 8

Heap:
 PSYoungGen      total 29696K, used 9656K [0x00000000eab00000, 0x00000000ecc00000, 0x0000000100000000)
  eden space 25600K, 25% used [0x00000000eab00000,0x00000000eb158e08,0x00000000ec400000)
  from space 4096K, 77% used [0x00000000ec400000,0x00000000ec715288,0x00000000ec800000)
  to   space 4096K, 0% used [0x00000000ec800000,0x00000000ec800000,0x00000000ecc00000)
 ParOldGen       total 68608K, used 16K [0x00000000c0000000, 0x00000000c4300000, 0x00000000eab00000)
  object space 68608K, 0% used [0x00000000c0000000,0x00000000c0004000,0x00000000c4300000)
 Metaspace       used 12120K, committed 12224K, reserved 1114112K
  class space    used 1190K, committed 1216K, reserved 1048576K

Card table byte_map: [0x0000024494980000,0x0000024494b90000] _byte_map_base: 0x0000024494380000

Marking Bits: (ParMarkBitMap*) 0x00007ff9673ed820
 Begin Bits: [0x00000244a6c80000, 0x00000244a7c80000)
 End Bits:   [0x00000244a7c80000, 0x00000244a8c80000)

Polling page: 0x0000024492f40000

Metaspace:

Usage:
  Non-class:     10.67 MB used.
      Class:      1.16 MB used.
       Both:     11.84 MB used.

Virtual space:
  Non-class space:       64.00 MB reserved,      10.75 MB ( 17%) committed,  1 nodes.
      Class space:        1.00 GB reserved,       1.19 MB ( <1%) committed,  1 nodes.
             Both:        1.06 GB reserved,      11.94 MB (  1%) committed. 

Chunk freelists:
   Non-Class:  4.48 MB
       Class:  14.62 MB
        Both:  19.11 MB

MaxMetaspaceSize: unlimited
CompressedClassSpaceSize: 1.00 GB
Initial GC threshold: 21.00 MB
Current GC threshold: 21.00 MB
CDS: off
MetaspaceReclaimPolicy: balanced
 - commit_granule_bytes: 65536.
 - commit_granule_words: 8192.
 - virtual_space_node_default_size: 8388608.
 - enlarge_chunks_in_place: 1.
 - new_chunks_are_fully_committed: 0.
 - uncommit_free_chunks: 1.
 - use_allocation_guard: 0.
 - handle_deallocations: 1.


Internal statistics:

num_allocs_failed_limit: 0.
num_arena_births: 30.
num_arena_deaths: 0.
num_vsnodes_births: 2.
num_vsnodes_deaths: 0.
num_space_committed: 191.
num_space_uncommitted: 0.
num_chunks_returned_to_freelist: 0.
num_chunks_taken_from_freelist: 133.
num_chunk_merges: 0.
num_chunk_splits: 91.
num_chunks_enlarged: 79.
num_inconsistent_stats: 0.

CodeHeap 'non-profiled nmethods': size=120000Kb used=436Kb max_used=436Kb free=119563Kb
 bounds [0x000002449f750000, 0x000002449f9c0000, 0x00000244a6c80000]
CodeHeap 'profiled nmethods': size=120000Kb used=1971Kb max_used=1971Kb free=118028Kb
 bounds [0x0000024497c80000, 0x0000024497ef0000, 0x000002449f1b0000]
CodeHeap 'non-nmethods': size=5760Kb used=1147Kb max_used=1169Kb free=4612Kb
 bounds [0x000002449f1b0000, 0x000002449f420000, 0x000002449f750000]
 total_blobs=1555 nmethods=1114 adapters=356
 compilation: enabled
              stopped_count=0, restarted_count=0
 full_count=0

Compilation events (20 events):
Event: 3.100 Thread 0x00000244adf4e4e0 1079       4       java.io.DataInputStream::readByte (6 bytes)
Event: 3.101 Thread 0x00000244adf51740 1110   !   3       java.lang.ClassLoader::addClass (27 bytes)
Event: 3.102 Thread 0x00000244adf51740 nmethod 1110 0x0000024497e66090 code [0x0000024497e66260, 0x0000024497e667c8]
Event: 3.104 Thread 0x00000244adf51740 1111       3       java.lang.ClassLoader::getNamedPackage (73 bytes)
Event: 3.105 Thread 0x00000244adf51740 nmethod 1111 0x0000024497e66b10 code [0x0000024497e66d00, 0x0000024497e67248]
Event: 3.105 Thread 0x00000244adf4e4e0 nmethod 1079 0x000002449f7b8690 code [0x000002449f7b8820, 0x000002449f7b8c68]
Event: 3.106 Thread 0x00000244adf4e4e0 1109 %     4       lombok.launch.PackageShader::apply @ 154 (252 bytes)
Event: 3.106 Thread 0x00000244adf51740 1112       3       java.util.WeakHashMap::get (75 bytes)
Event: 3.106 Thread 0x00000244adf51740 nmethod 1112 0x0000024497e67410 code [0x0000024497e67640, 0x0000024497e67ed8]
Event: 3.137 Thread 0x00000244adf4e4e0 nmethod 1109% 0x000002449f7b8e10 code [0x000002449f7b8fe0, 0x000002449f7b9c18]
Event: 3.137 Thread 0x00000244adf4e4e0 1072       4       java.io.DataInputStream::readInt (68 bytes)
Event: 3.142 Thread 0x00000244adf51740 1113       3       sun.net.util.URLUtil::urlNoFragString (114 bytes)
Event: 3.144 Thread 0x00000244adf4e4e0 nmethod 1072 0x000002449f7ba490 code [0x000002449f7ba660, 0x000002449f7baf70]
Event: 3.144 Thread 0x00000244adf4e4e0 1075       4       java.util.ArrayList::get (15 bytes)
Event: 3.145 Thread 0x00000244adf51740 nmethod 1113 0x0000024497e68290 code [0x0000024497e685c0, 0x0000024497e69608]
Event: 3.145 Thread 0x00000244adf51740 1114       1       java.net.JarURLConnection::getJarFileURL (5 bytes)
Event: 3.145 Thread 0x00000244adf51740 nmethod 1114 0x000002449f7bb390 code [0x000002449f7bb520, 0x000002449f7bb5f8]
Event: 3.146 Thread 0x00000244adf4e4e0 nmethod 1075 0x000002449f7bb690 code [0x000002449f7bb800, 0x000002449f7bb8f8]
Event: 3.146 Thread 0x00000244adf4e4e0 1076       4       org.eclipse.osgi.container.ModuleDatabase$Persistence::readString0 (98 bytes)
Event: 3.147 Thread 0x00000244adf51740 1115       3       java.io.WinNTFileSystem::normalizePrefix (132 bytes)

GC Heap History (2 events):
Event: 2.754 GC heap before
{Heap before GC invocations=1 (full 0):
 PSYoungGen      total 29696K, used 25600K [0x00000000eab00000, 0x00000000ecc00000, 0x0000000100000000)
  eden space 25600K, 100% used [0x00000000eab00000,0x00000000ec400000,0x00000000ec400000)
  from space 4096K, 0% used [0x00000000ec800000,0x00000000ec800000,0x00000000ecc00000)
  to   space 4096K, 0% used [0x00000000ec400000,0x00000000ec400000,0x00000000ec800000)
 ParOldGen       total 68608K, used 0K [0x00000000c0000000, 0x00000000c4300000, 0x00000000eab00000)
  object space 68608K, 0% used [0x00000000c0000000,0x00000000c0000000,0x00000000c4300000)
 Metaspace       used 11005K, committed 11200K, reserved 1114112K
  class space    used 1098K, committed 1216K, reserved 1048576K
}
Event: 2.772 GC heap after
{Heap after GC invocations=1 (full 0):
 PSYoungGen      total 29696K, used 3156K [0x00000000eab00000, 0x00000000ecc00000, 0x0000000100000000)
  eden space 25600K, 0% used [0x00000000eab00000,0x00000000eab00000,0x00000000ec400000)
  from space 4096K, 77% used [0x00000000ec400000,0x00000000ec715288,0x00000000ec800000)
  to   space 4096K, 0% used [0x00000000ec800000,0x00000000ec800000,0x00000000ecc00000)
 ParOldGen       total 68608K, used 16K [0x00000000c0000000, 0x00000000c4300000, 0x00000000eab00000)
  object space 68608K, 0% used [0x00000000c0000000,0x00000000c0004000,0x00000000c4300000)
 Metaspace       used 11005K, committed 11200K, reserved 1114112K
  class space    used 1098K, committed 1216K, reserved 1048576K
}

Dll operation events (8 events):
Event: 0.123 Loaded shared library c:\Users\Asus\.vscode\extensions\redhat.java-1.31.0-win32-x64\jre\17.0.11-win32-x86_64\bin\java.dll
Event: 0.796 Loaded shared library c:\Users\Asus\.vscode\extensions\redhat.java-1.31.0-win32-x64\jre\17.0.11-win32-x86_64\bin\zip.dll
Event: 0.802 Loaded shared library C:\Users\Asus\.vscode\extensions\redhat.java-1.31.0-win32-x64\jre\17.0.11-win32-x86_64\bin\instrument.dll
Event: 0.845 Loaded shared library C:\Users\Asus\.vscode\extensions\redhat.java-1.31.0-win32-x64\jre\17.0.11-win32-x86_64\bin\net.dll
Event: 0.851 Loaded shared library C:\Users\Asus\.vscode\extensions\redhat.java-1.31.0-win32-x64\jre\17.0.11-win32-x86_64\bin\nio.dll
Event: 0.878 Loaded shared library C:\Users\Asus\.vscode\extensions\redhat.java-1.31.0-win32-x64\jre\17.0.11-win32-x86_64\bin\zip.dll
Event: 0.939 Loaded shared library C:\Users\Asus\.vscode\extensions\redhat.java-1.31.0-win32-x64\jre\17.0.11-win32-x86_64\bin\jimage.dll
Event: 1.116 Loaded shared library c:\Users\Asus\.vscode\extensions\redhat.java-1.31.0-win32-x64\jre\17.0.11-win32-x86_64\bin\verify.dll

Deoptimization events (20 events):
Event: 2.646 Thread 0x0000024494ff32c0 DEOPT PACKING pc=0x000002449f787df0 sp=0x000000b1e40fe190
Event: 2.646 Thread 0x0000024494ff32c0 DEOPT UNPACKING pc=0x000002449f2066a3 sp=0x000000b1e40fe0d8 mode 2
Event: 2.646 Thread 0x0000024494ff32c0 Uncommon trap: trap_request=0xffffffde fr.pc=0x000002449f787df0 relative=0x0000000000000510
Event: 2.646 Thread 0x0000024494ff32c0 Uncommon trap: reason=class_check action=maybe_recompile pc=0x000002449f787df0 method=java.util.Collections$UnmodifiableCollection$1.<init>(Ljava/util/Collections$UnmodifiableCollection;)V @ 17 c2
Event: 2.646 Thread 0x0000024494ff32c0 DEOPT PACKING pc=0x000002449f787df0 sp=0x000000b1e40fe190
Event: 2.646 Thread 0x0000024494ff32c0 DEOPT UNPACKING pc=0x000002449f2066a3 sp=0x000000b1e40fe0d8 mode 2
Event: 3.017 Thread 0x0000024494ff32c0 Uncommon trap: trap_request=0xffffff45 fr.pc=0x000002449f783eb4 relative=0x0000000000000f74
Event: 3.017 Thread 0x0000024494ff32c0 Uncommon trap: reason=unstable_if action=reinterpret pc=0x000002449f783eb4 method=lombok.patcher.PatchScript.classMatches(Ljava/lang/String;Ljava/util/Collection;)Z @ 25 c2
Event: 3.017 Thread 0x0000024494ff32c0 DEOPT PACKING pc=0x000002449f783eb4 sp=0x000000b1e40f8360
Event: 3.017 Thread 0x0000024494ff32c0 DEOPT UNPACKING pc=0x000002449f2066a3 sp=0x000000b1e40f82c8 mode 2
Event: 3.017 Thread 0x0000024494ff32c0 Uncommon trap: trap_request=0xffffff45 fr.pc=0x000002449f79b0e8 relative=0x0000000000000448
Event: 3.017 Thread 0x0000024494ff32c0 Uncommon trap: reason=unstable_if action=reinterpret pc=0x000002449f79b0e8 method=java.lang.String.<init>([BIILjava/nio/charset/Charset;)V @ 47 c2
Event: 3.017 Thread 0x0000024494ff32c0 DEOPT PACKING pc=0x000002449f79b0e8 sp=0x000000b1e40f7730
Event: 3.017 Thread 0x0000024494ff32c0 DEOPT UNPACKING pc=0x000002449f2066a3 sp=0x000000b1e40f76e8 mode 2
Event: 3.026 Thread 0x0000024494ff32c0 DEOPT PACKING pc=0x0000024497cf6445 sp=0x000000b1e40f7800
Event: 3.026 Thread 0x0000024494ff32c0 DEOPT UNPACKING pc=0x000002449f206e43 sp=0x000000b1e40f6cb0 mode 0
Event: 3.136 Thread 0x0000024494ff32c0 DEOPT PACKING pc=0x0000024497cf6445 sp=0x000000b1e40f3bc0
Event: 3.136 Thread 0x0000024494ff32c0 DEOPT UNPACKING pc=0x000002449f206e43 sp=0x000000b1e40f3070 mode 0
Event: 3.136 Thread 0x0000024494ff32c0 DEOPT PACKING pc=0x0000024497cf1c3a sp=0x000000b1e40f3af0
Event: 3.136 Thread 0x0000024494ff32c0 DEOPT UNPACKING pc=0x000002449f206e43 sp=0x000000b1e40f3070 mode 0

Classes unloaded (0 events):
No events

Classes redefined (0 events):
No events

Internal exceptions (20 events):
Event: 1.957 Thread 0x0000024494ff32c0 Exception <a 'java/lang/ClassNotFoundException'{0x00000000eb8679f0}: sun/net/www/protocol/c/Handler> (0x00000000eb8679f0) 
thrown [s\src\hotspot\share\classfile\systemDictionary.cpp, line 256]
Event: 2.022 Thread 0x0000024494ff32c0 Exception <a 'java/io/FileNotFoundException'{0x00000000eb882a68}> (0x00000000eb882a68) 
thrown [s\src\hotspot\share\prims\jni.cpp, line 516]
Event: 2.023 Thread 0x0000024494ff32c0 Exception <a 'java/io/FileNotFoundException'{0x00000000eb883778}> (0x00000000eb883778) 
thrown [s\src\hotspot\share\prims\jni.cpp, line 516]
Event: 2.025 Thread 0x0000024494ff32c0 Exception <a 'java/io/FileNotFoundException'{0x00000000eb884468}> (0x00000000eb884468) 
thrown [s\src\hotspot\share\prims\jni.cpp, line 516]
Event: 2.026 Thread 0x0000024494ff32c0 Exception <a 'java/io/FileNotFoundException'{0x00000000eb885128}> (0x00000000eb885128) 
thrown [s\src\hotspot\share\prims\jni.cpp, line 516]
Event: 2.041 Thread 0x0000024494ff32c0 Implicit null exception at 0x000002449f773f72 to 0x000002449f774490
Event: 2.045 Thread 0x0000024494ff32c0 Exception <a 'java/io/FileNotFoundException'{0x00000000eb8bdf28}> (0x00000000eb8bdf28) 
thrown [s\src\hotspot\share\prims\jni.cpp, line 516]
Event: 2.530 Thread 0x0000024494ff32c0 Exception <a 'java/lang/ClassNotFoundException'{0x00000000ec0c5a78}: sun/net/www/protocol/c/Handler> (0x00000000ec0c5a78) 
thrown [s\src\hotspot\share\classfile\systemDictionary.cpp, line 256]
Event: 2.531 Thread 0x0000024494ff32c0 Exception <a 'java/lang/ClassNotFoundException'{0x00000000ec0c6e38}: sun/net/www/protocol/c/Handler> (0x00000000ec0c6e38) 
thrown [s\src\hotspot\share\classfile\systemDictionary.cpp, line 256]
Event: 2.531 Thread 0x0000024494ff32c0 Exception <a 'java/lang/ClassNotFoundException'{0x00000000ec0c8078}: sun/net/www/protocol/c/Handler> (0x00000000ec0c8078) 
thrown [s\src\hotspot\share\classfile\systemDictionary.cpp, line 256]
Event: 2.544 Thread 0x0000024494ff32c0 Exception <a 'java/io/FileNotFoundException'{0x00000000ec0ef1e8}> (0x00000000ec0ef1e8) 
thrown [s\src\hotspot\share\prims\jni.cpp, line 516]
Event: 2.646 Thread 0x0000024494ff32c0 Implicit null exception at 0x000002449f78fbbb to 0x000002449f7904d8
Event: 2.737 Thread 0x0000024494ff32c0 Exception <a 'java/lang/NoSuchMethodError'{0x00000000ec3c9350}: 'int java.lang.invoke.DirectMethodHandle$Holder.invokeStaticInit(java.lang.Object, java.lang.Object, java.lang.Object, java.lang.Object)'> (0x00000000ec3c9350) 
thrown [s\src\hotspot\share\interpreter\linkResolver.cpp, line 759]
Event: 2.740 Thread 0x0000024494ff32c0 Exception <a 'java/lang/NoSuchMethodError'{0x00000000ec3d39c0}: 'java.lang.Object java.lang.invoke.DirectMethodHandle$Holder.invokeInterface(java.lang.Object, java.lang.Object)'> (0x00000000ec3d39c0) 
thrown [s\src\hotspot\share\interpreter\linkResolver.cpp, line 759]
Event: 2.741 Thread 0x0000024494ff32c0 Exception <a 'java/lang/IncompatibleClassChangeError'{0x00000000ec3d71b8}: Found class java.lang.Object, but interface was expected> (0x00000000ec3d71b8) 
thrown [s\src\hotspot\share\interpreter\linkResolver.cpp, line 826]
Event: 2.742 Thread 0x0000024494ff32c0 Exception <a 'java/lang/NoSuchMethodError'{0x00000000ec3db6a8}: 'void java.lang.invoke.DirectMethodHandle$Holder.invokeStatic(java.lang.Object, java.lang.Object)'> (0x00000000ec3db6a8) 
thrown [s\src\hotspot\share\interpreter\linkResolver.cpp, line 759]
Event: 2.743 Thread 0x0000024494ff32c0 Exception <a 'java/lang/NoSuchMethodError'{0x00000000ec3deea8}: 'void java.lang.invoke.DirectMethodHandle$Holder.invokeStaticInit(java.lang.Object, java.lang.Object)'> (0x00000000ec3deea8) 
thrown [s\src\hotspot\share\interpreter\linkResolver.cpp, line 759]
Event: 2.745 Thread 0x0000024494ff32c0 Exception <a 'java/lang/NoSuchMethodError'{0x00000000ec3e62b8}: 'int java.lang.invoke.DirectMethodHandle$Holder.invokeStaticInit(java.lang.Object, java.lang.Object)'> (0x00000000ec3e62b8) 
thrown [s\src\hotspot\share\interpreter\linkResolver.cpp, line 759]
Event: 2.907 Thread 0x0000024494ff32c0 Exception <a 'java/lang/NoSuchMethodError'{0x00000000eac71e48}: 'void java.lang.invoke.DirectMethodHandle$Holder.invokeSpecial(java.lang.Object, java.lang.Object, java.lang.Object)'> (0x00000000eac71e48) 
thrown [s\src\hotspot\share\interpreter\linkResolver.cpp, line 759]
Event: 3.044 Thread 0x0000024494ff32c0 Exception <a 'java/lang/OutOfMemoryError'{0x00000000eb035c68}> (0x00000000eb035c68) 
thrown [s\src\hotspot\share\prims\jni.cpp, line 535]

VM Operations (12 events):
Event: 0.728 Executing VM operation: HandshakeAllThreads
Event: 0.728 Executing VM operation: HandshakeAllThreads done
Event: 0.981 Executing VM operation: HandshakeAllThreads
Event: 0.981 Executing VM operation: HandshakeAllThreads done
Event: 1.892 Executing VM operation: HandshakeAllThreads
Event: 1.892 Executing VM operation: HandshakeAllThreads done
Event: 1.892 Executing VM operation: Cleanup
Event: 1.892 Executing VM operation: Cleanup done
Event: 1.940 Executing VM operation: HandshakeAllThreads
Event: 1.940 Executing VM operation: HandshakeAllThreads done
Event: 2.753 Executing VM operation: ParallelGCFailedAllocation
Event: 2.772 Executing VM operation: ParallelGCFailedAllocation done

Events (20 events):
Event: 3.051 loading class java/util/Formatter$FixedString
Event: 3.051 loading class java/util/Formatter$FormatString
Event: 3.051 loading class java/util/Formatter$FormatString done
Event: 3.051 loading class java/util/Formatter$FixedString done
Event: 3.051 loading class java/util/Formatter$Conversion
Event: 3.051 loading class java/util/Formatter$Conversion done
Event: 3.051 loading class java/util/Formatter$FormatSpecifier
Event: 3.051 loading class java/util/Formatter$FormatSpecifier done
Event: 3.052 loading class java/util/Formatter$Flags
Event: 3.052 loading class java/util/Formatter$Flags done
Event: 3.056 loading class java/util/Formattable
Event: 3.056 loading class java/util/Formattable done
Event: 3.056 loading class java/lang/Throwable$WrappedPrintStream
Event: 3.057 loading class java/lang/Throwable$PrintStreamOrWriter
Event: 3.057 loading class java/lang/Throwable$PrintStreamOrWriter done
Event: 3.057 loading class java/lang/Throwable$WrappedPrintStream done
Event: 3.057 loading class java/lang/StackTraceElement$HashedModules
Event: 3.058 loading class java/lang/StackTraceElement$HashedModules done
Event: 3.140 loading class java/lang/TypeNotPresentException
Event: 3.140 loading class java/lang/TypeNotPresentException done


Dynamic libraries:
0x00007ff699ce0000 - 0x00007ff699cee000 	c:\Users\Asus\.vscode\extensions\redhat.java-1.31.0-win32-x64\jre\17.0.11-win32-x86_64\bin\java.exe
0x00007ff9d4070000 - 0x00007ff9d4287000 	C:\WINDOWS\SYSTEM32\ntdll.dll
0x00007ff9d3bd0000 - 0x00007ff9d3c94000 	C:\WINDOWS\System32\KERNEL32.DLL
0x00007ff9d1a00000 - 0x00007ff9d1dac000 	C:\WINDOWS\System32\KERNELBASE.dll
0x00007ff9d1720000 - 0x00007ff9d1831000 	C:\WINDOWS\System32\ucrtbase.dll
0x00007ff9bf7b0000 - 0x00007ff9bf7cb000 	c:\Users\Asus\.vscode\extensions\redhat.java-1.31.0-win32-x64\jre\17.0.11-win32-x86_64\bin\VCRUNTIME140.dll
0x00007ff9c2110000 - 0x00007ff9c2127000 	c:\Users\Asus\.vscode\extensions\redhat.java-1.31.0-win32-x64\jre\17.0.11-win32-x86_64\bin\jli.dll
0x00007ff9d31a0000 - 0x00007ff9d334e000 	C:\WINDOWS\System32\USER32.dll
0x00007ff9bf890000 - 0x00007ff9bfb23000 	C:\WINDOWS\WinSxS\amd64_microsoft.windows.common-controls_6595b64144ccf1df_6.0.22621.3672_none_2713b9d173822955\COMCTL32.dll
0x00007ff9d2bb0000 - 0x00007ff9d2c57000 	C:\WINDOWS\System32\msvcrt.dll
0x00007ff9d16f0000 - 0x00007ff9d1716000 	C:\WINDOWS\System32\win32u.dll
0x00007ff9d3990000 - 0x00007ff9d39b9000 	C:\WINDOWS\System32\GDI32.dll
0x00007ff9d1840000 - 0x00007ff9d1959000 	C:\WINDOWS\System32\gdi32full.dll
0x00007ff9d1960000 - 0x00007ff9d19fa000 	C:\WINDOWS\System32\msvcp_win.dll
0x00007ff9d3830000 - 0x00007ff9d3861000 	C:\WINDOWS\System32\IMM32.DLL
0x00007ff9ca970000 - 0x00007ff9ca97c000 	c:\Users\Asus\.vscode\extensions\redhat.java-1.31.0-win32-x64\jre\17.0.11-win32-x86_64\bin\vcruntime140_1.dll
0x00007ff9b6e50000 - 0x00007ff9b6edd000 	c:\Users\Asus\.vscode\extensions\redhat.java-1.31.0-win32-x64\jre\17.0.11-win32-x86_64\bin\msvcp140.dll
0x00007ff966850000 - 0x00007ff9674b2000 	c:\Users\Asus\.vscode\extensions\redhat.java-1.31.0-win32-x64\jre\17.0.11-win32-x86_64\bin\server\jvm.dll
0x00007ff9d1de0000 - 0x00007ff9d1e92000 	C:\WINDOWS\System32\ADVAPI32.dll
0x00007ff9d30f0000 - 0x00007ff9d3198000 	C:\WINDOWS\System32\sechost.dll
0x00007ff9d13a0000 - 0x00007ff9d13c8000 	C:\WINDOWS\System32\bcrypt.dll
0x00007ff9d3870000 - 0x00007ff9d3985000 	C:\WINDOWS\System32\RPCRT4.dll
0x00007ff9d1260000 - 0x00007ff9d12ad000 	C:\WINDOWS\SYSTEM32\POWRPROF.dll
0x00007ff9c8610000 - 0x00007ff9c861a000 	C:\WINDOWS\SYSTEM32\VERSION.dll
0x00007ff9ca7f0000 - 0x00007ff9ca824000 	C:\WINDOWS\SYSTEM32\WINMM.dll
0x00007ff9cb660000 - 0x00007ff9cb669000 	C:\WINDOWS\SYSTEM32\WSOCK32.dll
0x00007ff9d3a70000 - 0x00007ff9d3ae1000 	C:\WINDOWS\System32\ws2_32.DLL
0x00007ff9d1240000 - 0x00007ff9d1253000 	C:\WINDOWS\SYSTEM32\UMPDC.dll
0x00007ff9d03d0000 - 0x00007ff9d03e8000 	C:\WINDOWS\SYSTEM32\kernel.appcore.dll
0x00007ff9ca830000 - 0x00007ff9ca83a000 	c:\Users\Asus\.vscode\extensions\redhat.java-1.31.0-win32-x64\jre\17.0.11-win32-x86_64\bin\jimage.dll
0x00007ff9ceba0000 - 0x00007ff9cedd2000 	C:\WINDOWS\SYSTEM32\DBGHELP.DLL
0x00007ff9d3ca0000 - 0x00007ff9d4028000 	C:\WINDOWS\System32\combase.dll
0x00007ff9d3af0000 - 0x00007ff9d3bc7000 	C:\WINDOWS\System32\OLEAUT32.dll
0x00007ff9be630000 - 0x00007ff9be662000 	C:\WINDOWS\SYSTEM32\dbgcore.DLL
0x00007ff9d1670000 - 0x00007ff9d16eb000 	C:\WINDOWS\System32\bcryptPrimitives.dll
0x00007ff9c20c0000 - 0x00007ff9c20ce000 	c:\Users\Asus\.vscode\extensions\redhat.java-1.31.0-win32-x64\jre\17.0.11-win32-x86_64\bin\instrument.dll
0x00007ff9bbb00000 - 0x00007ff9bbb25000 	c:\Users\Asus\.vscode\extensions\redhat.java-1.31.0-win32-x64\jre\17.0.11-win32-x86_64\bin\java.dll
0x00007ff9be1b0000 - 0x00007ff9be1c8000 	c:\Users\Asus\.vscode\extensions\redhat.java-1.31.0-win32-x64\jre\17.0.11-win32-x86_64\bin\zip.dll
0x00007ff9d1ea0000 - 0x00007ff9d26fc000 	C:\WINDOWS\System32\SHELL32.dll
0x00007ff9cf2f0000 - 0x00007ff9cfbe7000 	C:\WINDOWS\SYSTEM32\windows.storage.dll
0x00007ff9cf1b0000 - 0x00007ff9cf2ef000 	C:\WINDOWS\SYSTEM32\wintypes.dll
0x00007ff9d2ff0000 - 0x00007ff9d30e4000 	C:\WINDOWS\System32\SHCORE.dll
0x00007ff9d39c0000 - 0x00007ff9d3a1e000 	C:\WINDOWS\System32\shlwapi.dll
0x00007ff9d12d0000 - 0x00007ff9d12f1000 	C:\WINDOWS\SYSTEM32\profapi.dll
0x00007ff9bdc00000 - 0x00007ff9bdc19000 	C:\Users\Asus\.vscode\extensions\redhat.java-1.31.0-win32-x64\jre\17.0.11-win32-x86_64\bin\net.dll
0x00007ff9cb0b0000 - 0x00007ff9cb1e6000 	C:\WINDOWS\SYSTEM32\WINHTTP.dll
0x00007ff9d0840000 - 0x00007ff9d08a9000 	C:\WINDOWS\system32\mswsock.dll
0x00007ff9bd850000 - 0x00007ff9bd866000 	C:\Users\Asus\.vscode\extensions\redhat.java-1.31.0-win32-x64\jre\17.0.11-win32-x86_64\bin\nio.dll
0x00007ff9bf7a0000 - 0x00007ff9bf7b0000 	c:\Users\Asus\.vscode\extensions\redhat.java-1.31.0-win32-x64\jre\17.0.11-win32-x86_64\bin\verify.dll

dbghelp: loaded successfully - version: 4.0.5 - missing functions: none
symbol engine: initialized successfully - sym options: 0x614 - pdb path: .;c:\Users\Asus\.vscode\extensions\redhat.java-1.31.0-win32-x64\jre\17.0.11-win32-x86_64\bin;C:\WINDOWS\SYSTEM32;C:\WINDOWS\WinSxS\amd64_microsoft.windows.common-controls_6595b64144ccf1df_6.0.22621.3672_none_2713b9d173822955;c:\Users\Asus\.vscode\extensions\redhat.java-1.31.0-win32-x64\jre\17.0.11-win32-x86_64\bin\server

VM Arguments:
jvm_args: --add-modules=ALL-SYSTEM --add-opens=java.base/java.util=ALL-UNNAMED --add-opens=java.base/java.lang=ALL-UNNAMED --add-opens=java.base/sun.nio.fs=ALL-UNNAMED -Declipse.application=org.eclipse.jdt.ls.core.id1 -Dosgi.bundles.defaultStartLevel=4 -Declipse.product=org.eclipse.jdt.ls.core.product -Djava.import.generatesMetadataFilesAtProjectRoot=false -DDetectVMInstallationsJob.disabled=true -Dfile.encoding=utf8 -XX:+UseParallelGC -XX:GCTimeRatio=4 -XX:AdaptiveSizePolicyWeight=90 -Dsun.zip.disableMemoryMapping=true -Xmx1G -Xms100m -Xlog:disable -javaagent:c:\Users\Asus\.vscode\extensions\redhat.java-1.31.0-win32-x64\lombok\lombok-1.18.32.jar -XX:+HeapDumpOnOutOfMemoryError -XX:HeapDumpPath=c:\Users\Asus\AppData\Roaming\Code\User\workspaceStorage\12f63e3850450ff587382efa78f48c12\redhat.java -Daether.dependencyCollector.impl=bf 
java_command: c:\Users\Asus\.vscode\extensions\redhat.java-1.31.0-win32-x64\server\plugins\org.eclipse.equinox.launcher_1.6.800.v20240513-1750.jar -configuration c:\Users\Asus\AppData\Roaming\Code\User\globalStorage\redhat.java\1.31.0\config_win -data c:\Users\Asus\AppData\Roaming\Code\User\workspaceStorage\12f63e3850450ff587382efa78f48c12\redhat.java\jdt_ws --pipe=\\.\pipe\lsp-6d41e78837fdcfed6d65c70a5143877d-sock
java_class_path (initial): c:\Users\Asus\.vscode\extensions\redhat.java-1.31.0-win32-x64\server\plugins\org.eclipse.equinox.launcher_1.6.800.v20240513-1750.jar
Launcher Type: SUN_STANDARD

[Global flags]
    uintx AdaptiveSizePolicyWeight                 = 90                                        {product} {command line}
     intx CICompilerCount                          = 4                                         {product} {ergonomic}
    uintx GCTimeRatio                              = 4                                         {product} {command line}
     bool HeapDumpOnOutOfMemoryError               = true                                   {manageable} {command line}
    ccstr HeapDumpPath                             = c:\Users\Asus\AppData\Roaming\Code\User\workspaceStorage\12f63e3850450ff587382efa78f48c12\redhat.java         {manageable} {command line}
   size_t InitialHeapSize                          = 104857600                                 {product} {command line}
   size_t MaxHeapSize                              = 1073741824                                {product} {command line}
   size_t MaxNewSize                               = 357564416                                 {product} {ergonomic}
   size_t MinHeapDeltaBytes                        = 524288                                    {product} {ergonomic}
   size_t MinHeapSize                              = 104857600                                 {product} {command line}
   size_t NewSize                                  = 34603008                                  {product} {ergonomic}
    uintx NonNMethodCodeHeapSize                   = 5839372                                {pd product} {ergonomic}
    uintx NonProfiledCodeHeapSize                  = 122909434                              {pd product} {ergonomic}
   size_t OldSize                                  = 70254592                                  {product} {ergonomic}
    uintx ProfiledCodeHeapSize                     = 122909434                              {pd product} {ergonomic}
    uintx ReservedCodeCacheSize                    = 251658240                              {pd product} {ergonomic}
     bool SegmentedCodeCache                       = true                                      {product} {ergonomic}
   size_t SoftMaxHeapSize                          = 1073741824                             {manageable} {ergonomic}
     bool UseCompressedClassPointers               = true                           {product lp64_product} {ergonomic}
     bool UseCompressedOops                        = true                           {product lp64_product} {ergonomic}
     bool UseLargePagesIndividualAllocation        = false                                  {pd product} {ergonomic}
     bool UseParallelGC                            = true                                      {product} {command line}

Logging:
Log output configuration:
 #0: stdout all=off uptime,level,tags
 #1: stderr all=off uptime,level,tags

Environment Variables:
JAVA_HOME=C:\Program Files\Java\jdk-17
PATH=C:\Users\Asus\AppData\Local\cloud-code\installer\google-cloud-sdk\bin;c:\Users\Asus\AppData\Local\Programs\cursor\resources\app\bin;C:\Program Files (x86)\VMware\VMware Player\bin\;C:\Program Files\Common Files\Oracle\Java\javapath;C:\WINDOWS\system32;C:\WINDOWS;C:\WINDOWS\System32\Wbem;C:\WINDOWS\System32\WindowsPowerShell\v1.0\;C:\WINDOWS\System32\OpenSSH\;C:\Program Files\nodejs\;C:\ProgramData\ComposerSetup\bin;C:\Program Files\Go\bin;C:\Program Files\Java\jdk-11\bin;C:\xampp\php;C:\xampp;D:\src\flutter\bin;C:\Program Files\PuTTY\;C:\Program Files\Git\cmd;C:\Program Files\Docker\Docker\resources\bin;C:\Python-3.9.18;C:\Program Files\Bazel\bazelisk-master;C:\Program Files\GNS3\qemu-3.1.0;C:\Users\Asus\AppData\Local\Programs\Python\Python311\Scripts\;C:\Users\Asus\AppData\Local\Programs\Python\Python311\;C:\Users\Asus\AppData\Local\Microsoft\WindowsApps;C:\Users\Asus\AppData\Roaming\npm;C:\Program Files (x86)\Nmap;C:\Users\Asus\AppData\Roaming\Composer\vendor\bin;C:\Users\Asus\go\bin;C:\Program Files\JetBrains\IntelliJ IDEA 2023.3.2\bin;C:\Program Files\JetBrains\PhpStorm 20;C:\Users\Asus\AppData\Local\Pub\Cache\bin;C:\Program Files\gradle-8.8\bin;C:\Program Files\Java\jdk-17\bin;C:\Users\Asus\anaconda3;C:\Users\Asus\anaconda3\Library\mingw-w64\bin;C:\Users\Asus\anaconda3\Library\usr\bin;C:\Users\Asus\anaconda3\Library\bin;C:\Users\Asus\anaconda3\Scripts;c:\Users\Asus\AppData\Local\Programs\cursor\resources\app\bin;C:\Program Files (x86)\VMware\VMware Player\bin\;C:\Program Files\Common Files\Oracle\Java\javapath;C:\WINDOWS\system32;C:\WINDOWS;C:\WINDOWS\System32\Wbem;C:\WINDOWS\System32\WindowsPowerShell\v1.0\;C:\WINDOWS\System32\OpenSSH\;C:\Program Files\nodejs\;C:\ProgramData\ComposerSetup\bin;C:\Program Files\Go\bin;C:\Program Files\Java\jdk-11\bin;C:\xampp\php;C:\xampp;D:\src\flutter\bin;C:\Program Files\PuTTY\;C:\Program Files\Git\cmd;C:\Program Files\Docker\Docker\resources\bin;C:\Python-3.9.18;C:\Program Files\Bazel\bazelisk-master;C:\Program Files\GNS3\
USERNAME=Asus
OS=Windows_NT
PROCESSOR_IDENTIFIER=AMD64 Family 23 Model 24 Stepping 1, AuthenticAMD
TMP=C:\Users\Asus\AppData\Local\Temp
TEMP=C:\Users\Asus\AppData\Local\Temp



Periodic native trim disabled


---------------  S Y S T E M  ---------------

OS:
 Windows 11 , 64 bit Build 22621 (10.0.22621.3672)
OS uptime: 7 days 5:52 hours

CPU: total 8 (initial active 8) (8 cores per cpu, 2 threads per core) family 23 model 24 stepping 1 microcode 0x0, cx8, cmov, fxsr, ht, mmx, 3dnowpref, sse, sse2, sse3, ssse3, sse4a, sse4.1, sse4.2, popcnt, lzcnt, tsc, tscinvbit, avx, avx2, aes, clmul, bmi1, bmi2, adx, sha, fma, vzeroupper, clflush, clflushopt
Processor Information for all 8 processors :
  Max Mhz: 2100, Current Mhz: 2100, Mhz Limit: 2100

Memory: 4k page, system-wide physical 6091M (65M free)
TotalPageFile size 24523M (AvailPageFile size 182M)
current process WorkingSet (physical memory assigned to process): 78M, peak: 78M
current process commit charge ("private bytes"): 200M, peak: 201M

vm_info: OpenJDK 64-Bit Server VM (17.0.11+9) for windows-amd64 JRE (17.0.11+9), built on Apr 17 2024 06:07:48 by "admin" with MS VC++ 16.10 / 16.11 (VS2019)

END.
